Symlinking /home/rm/catkin_ws/devel/lib/pkgconfig/xf_mic_asr_offline_line.pc
Symlinking /home/rm/catkin_ws/devel/lib/xf_mic_asr_offline_line/node_feedback
Symlinking /home/rm/catkin_ws/devel/lib/xf_mic_asr_offline_line/call_recognition
Symlinking /home/rm/catkin_ws/devel/lib/xf_mic_asr_offline_line/voice_control
Symlinking /home/rm/catkin_ws/devel/lib/xf_mic_asr_offline_line/wheeltec_mic
Symlinking /home/rm/catkin_ws/devel/lib/xf_mic_asr_offline_line/command_recognition
Symlinking /home/rm/catkin_ws/devel/lib/python2.7/dist-packages/xf_mic_asr_offline_line/__init__.py
Symlinking /home/rm/catkin_ws/devel/lib/python2.7/dist-packages/xf_mic_asr_offline_line/srv/_Set_Major_Mic_srv.py
Symlinking /home/rm/catkin_ws/devel/lib/python2.7/dist-packages/xf_mic_asr_offline_line/srv/_Set_Led_On_srv.py
Symlinking /home/rm/catkin_ws/devel/lib/python2.7/dist-packages/xf_mic_asr_offline_line/srv/_Get_Major_Mic_srv.py
Symlinking /home/rm/catkin_ws/devel/lib/python2.7/dist-packages/xf_mic_asr_offline_line/srv/_Start_Record_srv.py
Symlinking /home/rm/catkin_ws/devel/lib/python2.7/dist-packages/xf_mic_asr_offline_line/srv/_Get_Awake_Angle_srv.py
Symlinking /home/rm/catkin_ws/devel/lib/python2.7/dist-packages/xf_mic_asr_offline_line/srv/_Set_Awake_Word_srv.py
Symlinking /home/rm/catkin_ws/devel/lib/python2.7/dist-packages/xf_mic_asr_offline_line/srv/_Get_Offline_Result_srv.py
Symlinking /home/rm/catkin_ws/devel/lib/python2.7/dist-packages/xf_mic_asr_offline_line/srv/__init__.py
Symlinking /home/rm/catkin_ws/devel/lib/python2.7/dist-packages/xf_mic_asr_offline_line/msg/_position.py
Symlinking /home/rm/catkin_ws/devel/lib/python2.7/dist-packages/xf_mic_asr_offline_line/msg/_Pcm_Msg.py
Symlinking /home/rm/catkin_ws/devel/lib/python2.7/dist-packages/xf_mic_asr_offline_line/msg/__init__.py
Symlinking /home/rm/catkin_ws/devel/share/gennodejs/ros/xf_mic_asr_offline_line/_index.js
Symlinking /home/rm/catkin_ws/devel/share/gennodejs/ros/xf_mic_asr_offline_line/srv/Set_Awake_Word_srv.js
Symlinking /home/rm/catkin_ws/devel/share/gennodejs/ros/xf_mic_asr_offline_line/srv/Set_Major_Mic_srv.js
Symlinking /home/rm/catkin_ws/devel/share/gennodejs/ros/xf_mic_asr_offline_line/srv/Get_Awake_Angle_srv.js
Symlinking /home/rm/catkin_ws/devel/share/gennodejs/ros/xf_mic_asr_offline_line/srv/Start_Record_srv.js
Symlinking /home/rm/catkin_ws/devel/share/gennodejs/ros/xf_mic_asr_offline_line/srv/Get_Offline_Result_srv.js
Symlinking /home/rm/catkin_ws/devel/share/gennodejs/ros/xf_mic_asr_offline_line/srv/Set_Led_On_srv.js
Symlinking /home/rm/catkin_ws/devel/share/gennodejs/ros/xf_mic_asr_offline_line/srv/_index.js
Symlinking /home/rm/catkin_ws/devel/share/gennodejs/ros/xf_mic_asr_offline_line/srv/Get_Major_Mic_srv.js
Symlinking /home/rm/catkin_ws/devel/share/gennodejs/ros/xf_mic_asr_offline_line/msg/position.js
Symlinking /home/rm/catkin_ws/devel/share/gennodejs/ros/xf_mic_asr_offline_line/msg/Pcm_Msg.js
Symlinking /home/rm/catkin_ws/devel/share/gennodejs/ros/xf_mic_asr_offline_line/msg/_index.js
Symlinking /home/rm/catkin_ws/devel/share/common-lisp/ros/xf_mic_asr_offline_line/srv/Start_Record_srv.lisp
Symlinking /home/rm/catkin_ws/devel/share/common-lisp/ros/xf_mic_asr_offline_line/srv/Set_Led_On_srv.lisp
Symlinking /home/rm/catkin_ws/devel/share/common-lisp/ros/xf_mic_asr_offline_line/srv/_package.lisp
Symlinking /home/rm/catkin_ws/devel/share/common-lisp/ros/xf_mic_asr_offline_line/srv/_package_Get_Major_Mic_srv.lisp
Symlinking /home/rm/catkin_ws/devel/share/common-lisp/ros/xf_mic_asr_offline_line/srv/_package_Get_Offline_Result_srv.lisp
Symlinking /home/rm/catkin_ws/devel/share/common-lisp/ros/xf_mic_asr_offline_line/srv/_package_Set_Led_On_srv.lisp
Symlinking /home/rm/catkin_ws/devel/share/common-lisp/ros/xf_mic_asr_offline_line/srv/Set_Major_Mic_srv.lisp
Symlinking /home/rm/catkin_ws/devel/share/common-lisp/ros/xf_mic_asr_offline_line/srv/_package_Get_Awake_Angle_srv.lisp
Symlinking /home/rm/catkin_ws/devel/share/common-lisp/ros/xf_mic_asr_offline_line/srv/Get_Major_Mic_srv.lisp
Symlinking /home/rm/catkin_ws/devel/share/common-lisp/ros/xf_mic_asr_offline_line/srv/Get_Offline_Result_srv.lisp
Symlinking /home/rm/catkin_ws/devel/share/common-lisp/ros/xf_mic_asr_offline_line/srv/_package_Set_Major_Mic_srv.lisp
Symlinking /home/rm/catkin_ws/devel/share/common-lisp/ros/xf_mic_asr_offline_line/srv/Set_Awake_Word_srv.lisp
Symlinking /home/rm/catkin_ws/devel/share/common-lisp/ros/xf_mic_asr_offline_line/srv/xf_mic_asr_offline_line-srv.asd
Symlinking /home/rm/catkin_ws/devel/share/common-lisp/ros/xf_mic_asr_offline_line/srv/_package_Start_Record_srv.lisp
Symlinking /home/rm/catkin_ws/devel/share/common-lisp/ros/xf_mic_asr_offline_line/srv/Get_Awake_Angle_srv.lisp
Symlinking /home/rm/catkin_ws/devel/share/common-lisp/ros/xf_mic_asr_offline_line/srv/_package_Set_Awake_Word_srv.lisp
Symlinking /home/rm/catkin_ws/devel/share/common-lisp/ros/xf_mic_asr_offline_line/msg/_package_Pcm_Msg.lisp
Symlinking /home/rm/catkin_ws/devel/share/common-lisp/ros/xf_mic_asr_offline_line/msg/_package.lisp
Symlinking /home/rm/catkin_ws/devel/share/common-lisp/ros/xf_mic_asr_offline_line/msg/xf_mic_asr_offline_line-msg.asd
Symlinking /home/rm/catkin_ws/devel/share/common-lisp/ros/xf_mic_asr_offline_line/msg/Pcm_Msg.lisp
Symlinking /home/rm/catkin_ws/devel/share/common-lisp/ros/xf_mic_asr_offline_line/msg/_package_position.lisp
Symlinking /home/rm/catkin_ws/devel/share/common-lisp/ros/xf_mic_asr_offline_line/msg/position.lisp
Symlinking /home/rm/catkin_ws/devel/share/xf_mic_asr_offline_line/cmake/xf_mic_asr_offline_lineConfig-version.cmake
Symlinking /home/rm/catkin_ws/devel/share/xf_mic_asr_offline_line/cmake/xf_mic_asr_offline_line-msg-paths.cmake
Symlinking /home/rm/catkin_ws/devel/share/xf_mic_asr_offline_line/cmake/xf_mic_asr_offline_line-msg-extras.cmake
Symlinking /home/rm/catkin_ws/devel/share/xf_mic_asr_offline_line/cmake/xf_mic_asr_offline_lineConfig.cmake
Symlinking /home/rm/catkin_ws/devel/share/roseus/ros/xf_mic_asr_offline_line/manifest.l
Symlinking /home/rm/catkin_ws/devel/share/roseus/ros/xf_mic_asr_offline_line/srv/Get_Major_Mic_srv.l
Symlinking /home/rm/catkin_ws/devel/share/roseus/ros/xf_mic_asr_offline_line/srv/Set_Major_Mic_srv.l
Symlinking /home/rm/catkin_ws/devel/share/roseus/ros/xf_mic_asr_offline_line/srv/Set_Awake_Word_srv.l
Symlinking /home/rm/catkin_ws/devel/share/roseus/ros/xf_mic_asr_offline_line/srv/Get_Offline_Result_srv.l
Symlinking /home/rm/catkin_ws/devel/share/roseus/ros/xf_mic_asr_offline_line/srv/Start_Record_srv.l
Symlinking /home/rm/catkin_ws/devel/share/roseus/ros/xf_mic_asr_offline_line/srv/Set_Led_On_srv.l
Symlinking /home/rm/catkin_ws/devel/share/roseus/ros/xf_mic_asr_offline_line/srv/Get_Awake_Angle_srv.l
Symlinking /home/rm/catkin_ws/devel/share/roseus/ros/xf_mic_asr_offline_line/msg/Pcm_Msg.l
Symlinking /home/rm/catkin_ws/devel/share/roseus/ros/xf_mic_asr_offline_line/msg/position.l
Symlinking /home/rm/catkin_ws/devel/include/xf_mic_asr_offline_line/Get_Awake_Angle_srvResponse.h
Symlinking /home/rm/catkin_ws/devel/include/xf_mic_asr_offline_line/Set_Awake_Word_srvResponse.h
Symlinking /home/rm/catkin_ws/devel/include/xf_mic_asr_offline_line/Get_Offline_Result_srvRequest.h
Symlinking /home/rm/catkin_ws/devel/include/xf_mic_asr_offline_line/Start_Record_srv.h
Symlinking /home/rm/catkin_ws/devel/include/xf_mic_asr_offline_line/Set_Led_On_srvRequest.h
Symlinking /home/rm/catkin_ws/devel/include/xf_mic_asr_offline_line/Set_Major_Mic_srvRequest.h
Symlinking /home/rm/catkin_ws/devel/include/xf_mic_asr_offline_line/Get_Offline_Result_srvResponse.h
Symlinking /home/rm/catkin_ws/devel/include/xf_mic_asr_offline_line/Get_Major_Mic_srvRequest.h
Symlinking /home/rm/catkin_ws/devel/include/xf_mic_asr_offline_line/Set_Led_On_srv.h
Symlinking /home/rm/catkin_ws/devel/include/xf_mic_asr_offline_line/Set_Major_Mic_srvResponse.h
Symlinking /home/rm/catkin_ws/devel/include/xf_mic_asr_offline_line/Set_Major_Mic_srv.h
Symlinking /home/rm/catkin_ws/devel/include/xf_mic_asr_offline_line/Set_Awake_Word_srv.h
Symlinking /home/rm/catkin_ws/devel/include/xf_mic_asr_offline_line/Start_Record_srvRequest.h
Symlinking /home/rm/catkin_ws/devel/include/xf_mic_asr_offline_line/Set_Awake_Word_srvRequest.h
Symlinking /home/rm/catkin_ws/devel/include/xf_mic_asr_offline_line/Pcm_Msg.h
Symlinking /home/rm/catkin_ws/devel/include/xf_mic_asr_offline_line/Set_Led_On_srvResponse.h
Symlinking /home/rm/catkin_ws/devel/include/xf_mic_asr_offline_line/Get_Awake_Angle_srv.h
Symlinking /home/rm/catkin_ws/devel/include/xf_mic_asr_offline_line/position.h
Symlinking /home/rm/catkin_ws/devel/include/xf_mic_asr_offline_line/Get_Awake_Angle_srvRequest.h
Symlinking /home/rm/catkin_ws/devel/include/xf_mic_asr_offline_line/Get_Major_Mic_srvResponse.h
Symlinking /home/rm/catkin_ws/devel/include/xf_mic_asr_offline_line/Get_Major_Mic_srv.h
Symlinking /home/rm/catkin_ws/devel/include/xf_mic_asr_offline_line/Get_Offline_Result_srv.h
Symlinking /home/rm/catkin_ws/devel/include/xf_mic_asr_offline_line/Start_Record_srvResponse.h
