/usr/bin/cmake -H/home/rm/catkin_ws/src/xf_mic_asr_offline_line -B/home/rm/catkin_ws/build/xf_mic_asr_offline_line --check-build-system CMakeFiles/Makefile.cmake 0
/usr/bin/cmake -E cmake_progress_start /home/rm/catkin_ws/build/xf_mic_asr_offline_line/CMakeFiles /home/rm/catkin_ws/build/xf_mic_asr_offline_line/CMakeFiles/progress.marks
/usr/bin/make -f CMakeFiles/Makefile2 all
make[1]: Entering directory '/home/rm/catkin_ws/build/xf_mic_asr_offline_line'
/usr/bin/make -f CMakeFiles/_xf_mic_asr_offline_line_generate_messages_check_deps_position.dir/build.make CMakeFiles/_xf_mic_asr_offline_line_generate_messages_check_deps_position.dir/depend
/usr/bin/make -f CMakeFiles/std_msgs_generate_messages_cpp.dir/build.make CMakeFiles/std_msgs_generate_messages_cpp.dir/depend
make[2]: Entering directory '/home/rm/catkin_ws/build/xf_mic_asr_offline_line'
cd /home/rm/catkin_ws/build/xf_mic_asr_offline_line && /usr/bin/cmake -E cmake_depends "Unix Makefiles" /home/rm/catkin_ws/src/xf_mic_asr_offline_line /home/rm/catkin_ws/src/xf_mic_asr_offline_line /home/rm/catkin_ws/build/xf_mic_asr_offline_line /home/rm/catkin_ws/build/xf_mic_asr_offline_line /home/rm/catkin_ws/build/xf_mic_asr_offline_line/CMakeFiles/_xf_mic_asr_offline_line_generate_messages_check_deps_position.dir/DependInfo.cmake --color=
make[2]: Entering directory '/home/rm/catkin_ws/build/xf_mic_asr_offline_line'
cd /home/rm/catkin_ws/build/xf_mic_asr_offline_line && /usr/bin/cmake -E cmake_depends "Unix Makefiles" /home/rm/catkin_ws/src/xf_mic_asr_offline_line /home/rm/catkin_ws/src/xf_mic_asr_offline_line /home/rm/catkin_ws/build/xf_mic_asr_offline_line /home/rm/catkin_ws/build/xf_mic_asr_offline_line /home/rm/catkin_ws/build/xf_mic_asr_offline_line/CMakeFiles/std_msgs_generate_messages_cpp.dir/DependInfo.cmake --color=
[35m[1mScanning dependencies of target std_msgs_generate_messages_cpp[0m
make[2]: Leaving directory '/home/rm/catkin_ws/build/xf_mic_asr_offline_line'
/usr/bin/make -f CMakeFiles/std_msgs_generate_messages_cpp.dir/build.make CMakeFiles/std_msgs_generate_messages_cpp.dir/build
[35m[1mScanning dependencies of target _xf_mic_asr_offline_line_generate_messages_check_deps_position[0m
make[2]: Leaving directory '/home/rm/catkin_ws/build/xf_mic_asr_offline_line'
/usr/bin/make -f CMakeFiles/_xf_mic_asr_offline_line_generate_messages_check_deps_position.dir/build.make CMakeFiles/_xf_mic_asr_offline_line_generate_messages_check_deps_position.dir/build
make[2]: Entering directory '/home/rm/catkin_ws/build/xf_mic_asr_offline_line'
make[2]: Nothing to be done for 'CMakeFiles/std_msgs_generate_messages_cpp.dir/build'.
make[2]: Leaving directory '/home/rm/catkin_ws/build/xf_mic_asr_offline_line'
make[2]: Entering directory '/home/rm/catkin_ws/build/xf_mic_asr_offline_line'
catkin_generated/env_cached.sh /usr/bin/python2 /opt/ros/melodic/share/genmsg/cmake/../../../lib/genmsg/genmsg_check_deps.py xf_mic_asr_offline_line /home/rm/catkin_ws/src/xf_mic_asr_offline_line/msg/position.msg 
[  0%] Built target std_msgs_generate_messages_cpp
/usr/bin/make -f CMakeFiles/_xf_mic_asr_offline_line_generate_messages_check_deps_Get_Major_Mic_srv.dir/build.make CMakeFiles/_xf_mic_asr_offline_line_generate_messages_check_deps_Get_Major_Mic_srv.dir/depend
make[2]: Entering directory '/home/rm/catkin_ws/build/xf_mic_asr_offline_line'
cd /home/rm/catkin_ws/build/xf_mic_asr_offline_line && /usr/bin/cmake -E cmake_depends "Unix Makefiles" /home/rm/catkin_ws/src/xf_mic_asr_offline_line /home/rm/catkin_ws/src/xf_mic_asr_offline_line /home/rm/catkin_ws/build/xf_mic_asr_offline_line /home/rm/catkin_ws/build/xf_mic_asr_offline_line /home/rm/catkin_ws/build/xf_mic_asr_offline_line/CMakeFiles/_xf_mic_asr_offline_line_generate_messages_check_deps_Get_Major_Mic_srv.dir/DependInfo.cmake --color=
[35m[1mScanning dependencies of target _xf_mic_asr_offline_line_generate_messages_check_deps_Get_Major_Mic_srv[0m
make[2]: Leaving directory '/home/rm/catkin_ws/build/xf_mic_asr_offline_line'
/usr/bin/make -f CMakeFiles/_xf_mic_asr_offline_line_generate_messages_check_deps_Get_Major_Mic_srv.dir/build.make CMakeFiles/_xf_mic_asr_offline_line_generate_messages_check_deps_Get_Major_Mic_srv.dir/build
make[2]: Entering directory '/home/rm/catkin_ws/build/xf_mic_asr_offline_line'
catkin_generated/env_cached.sh /usr/bin/python2 /opt/ros/melodic/share/genmsg/cmake/../../../lib/genmsg/genmsg_check_deps.py xf_mic_asr_offline_line /home/rm/catkin_ws/src/xf_mic_asr_offline_line/srv/Get_Major_Mic_srv.srv 
make[2]: Leaving directory '/home/rm/catkin_ws/build/xf_mic_asr_offline_line'
[  0%] Built target _xf_mic_asr_offline_line_generate_messages_check_deps_position
/usr/bin/make -f CMakeFiles/_xf_mic_asr_offline_line_generate_messages_check_deps_Start_Record_srv.dir/build.make CMakeFiles/_xf_mic_asr_offline_line_generate_messages_check_deps_Start_Record_srv.dir/depend
make[2]: Entering directory '/home/rm/catkin_ws/build/xf_mic_asr_offline_line'
cd /home/rm/catkin_ws/build/xf_mic_asr_offline_line && /usr/bin/cmake -E cmake_depends "Unix Makefiles" /home/rm/catkin_ws/src/xf_mic_asr_offline_line /home/rm/catkin_ws/src/xf_mic_asr_offline_line /home/rm/catkin_ws/build/xf_mic_asr_offline_line /home/rm/catkin_ws/build/xf_mic_asr_offline_line /home/rm/catkin_ws/build/xf_mic_asr_offline_line/CMakeFiles/_xf_mic_asr_offline_line_generate_messages_check_deps_Start_Record_srv.dir/DependInfo.cmake --color=
[35m[1mScanning dependencies of target _xf_mic_asr_offline_line_generate_messages_check_deps_Start_Record_srv[0m
make[2]: Leaving directory '/home/rm/catkin_ws/build/xf_mic_asr_offline_line'
make[2]: Leaving directory '/home/rm/catkin_ws/build/xf_mic_asr_offline_line'
/usr/bin/make -f CMakeFiles/_xf_mic_asr_offline_line_generate_messages_check_deps_Start_Record_srv.dir/build.make CMakeFiles/_xf_mic_asr_offline_line_generate_messages_check_deps_Start_Record_srv.dir/build
make[2]: Entering directory '/home/rm/catkin_ws/build/xf_mic_asr_offline_line'
catkin_generated/env_cached.sh /usr/bin/python2 /opt/ros/melodic/share/genmsg/cmake/../../../lib/genmsg/genmsg_check_deps.py xf_mic_asr_offline_line /home/rm/catkin_ws/src/xf_mic_asr_offline_line/srv/Start_Record_srv.srv 
[  0%] Built target _xf_mic_asr_offline_line_generate_messages_check_deps_Get_Major_Mic_srv
/usr/bin/make -f CMakeFiles/_xf_mic_asr_offline_line_generate_messages_check_deps_Get_Offline_Result_srv.dir/build.make CMakeFiles/_xf_mic_asr_offline_line_generate_messages_check_deps_Get_Offline_Result_srv.dir/depend
make[2]: Entering directory '/home/rm/catkin_ws/build/xf_mic_asr_offline_line'
cd /home/rm/catkin_ws/build/xf_mic_asr_offline_line && /usr/bin/cmake -E cmake_depends "Unix Makefiles" /home/rm/catkin_ws/src/xf_mic_asr_offline_line /home/rm/catkin_ws/src/xf_mic_asr_offline_line /home/rm/catkin_ws/build/xf_mic_asr_offline_line /home/rm/catkin_ws/build/xf_mic_asr_offline_line /home/rm/catkin_ws/build/xf_mic_asr_offline_line/CMakeFiles/_xf_mic_asr_offline_line_generate_messages_check_deps_Get_Offline_Result_srv.dir/DependInfo.cmake --color=
[35m[1mScanning dependencies of target _xf_mic_asr_offline_line_generate_messages_check_deps_Get_Offline_Result_srv[0m
make[2]: Leaving directory '/home/rm/catkin_ws/build/xf_mic_asr_offline_line'
/usr/bin/make -f CMakeFiles/_xf_mic_asr_offline_line_generate_messages_check_deps_Get_Offline_Result_srv.dir/build.make CMakeFiles/_xf_mic_asr_offline_line_generate_messages_check_deps_Get_Offline_Result_srv.dir/build
make[2]: Entering directory '/home/rm/catkin_ws/build/xf_mic_asr_offline_line'
catkin_generated/env_cached.sh /usr/bin/python2 /opt/ros/melodic/share/genmsg/cmake/../../../lib/genmsg/genmsg_check_deps.py xf_mic_asr_offline_line /home/rm/catkin_ws/src/xf_mic_asr_offline_line/srv/Get_Offline_Result_srv.srv 
make[2]: Leaving directory '/home/rm/catkin_ws/build/xf_mic_asr_offline_line'
[  0%] Built target _xf_mic_asr_offline_line_generate_messages_check_deps_Start_Record_srv
/usr/bin/make -f CMakeFiles/_xf_mic_asr_offline_line_generate_messages_check_deps_Get_Awake_Angle_srv.dir/build.make CMakeFiles/_xf_mic_asr_offline_line_generate_messages_check_deps_Get_Awake_Angle_srv.dir/depend
make[2]: Entering directory '/home/rm/catkin_ws/build/xf_mic_asr_offline_line'
cd /home/rm/catkin_ws/build/xf_mic_asr_offline_line && /usr/bin/cmake -E cmake_depends "Unix Makefiles" /home/rm/catkin_ws/src/xf_mic_asr_offline_line /home/rm/catkin_ws/src/xf_mic_asr_offline_line /home/rm/catkin_ws/build/xf_mic_asr_offline_line /home/rm/catkin_ws/build/xf_mic_asr_offline_line /home/rm/catkin_ws/build/xf_mic_asr_offline_line/CMakeFiles/_xf_mic_asr_offline_line_generate_messages_check_deps_Get_Awake_Angle_srv.dir/DependInfo.cmake --color=
make[2]: Leaving directory '/home/rm/catkin_ws/build/xf_mic_asr_offline_line'
[35m[1mScanning dependencies of target _xf_mic_asr_offline_line_generate_messages_check_deps_Get_Awake_Angle_srv[0m
make[2]: Leaving directory '/home/rm/catkin_ws/build/xf_mic_asr_offline_line'
/usr/bin/make -f CMakeFiles/_xf_mic_asr_offline_line_generate_messages_check_deps_Get_Awake_Angle_srv.dir/build.make CMakeFiles/_xf_mic_asr_offline_line_generate_messages_check_deps_Get_Awake_Angle_srv.dir/build
make[2]: Entering directory '/home/rm/catkin_ws/build/xf_mic_asr_offline_line'
catkin_generated/env_cached.sh /usr/bin/python2 /opt/ros/melodic/share/genmsg/cmake/../../../lib/genmsg/genmsg_check_deps.py xf_mic_asr_offline_line /home/rm/catkin_ws/src/xf_mic_asr_offline_line/srv/Get_Awake_Angle_srv.srv 
[  0%] Built target _xf_mic_asr_offline_line_generate_messages_check_deps_Get_Offline_Result_srv
/usr/bin/make -f CMakeFiles/_xf_mic_asr_offline_line_generate_messages_check_deps_Set_Awake_Word_srv.dir/build.make CMakeFiles/_xf_mic_asr_offline_line_generate_messages_check_deps_Set_Awake_Word_srv.dir/depend
make[2]: Entering directory '/home/rm/catkin_ws/build/xf_mic_asr_offline_line'
cd /home/rm/catkin_ws/build/xf_mic_asr_offline_line && /usr/bin/cmake -E cmake_depends "Unix Makefiles" /home/rm/catkin_ws/src/xf_mic_asr_offline_line /home/rm/catkin_ws/src/xf_mic_asr_offline_line /home/rm/catkin_ws/build/xf_mic_asr_offline_line /home/rm/catkin_ws/build/xf_mic_asr_offline_line /home/rm/catkin_ws/build/xf_mic_asr_offline_line/CMakeFiles/_xf_mic_asr_offline_line_generate_messages_check_deps_Set_Awake_Word_srv.dir/DependInfo.cmake --color=
[35m[1mScanning dependencies of target _xf_mic_asr_offline_line_generate_messages_check_deps_Set_Awake_Word_srv[0m
make[2]: Leaving directory '/home/rm/catkin_ws/build/xf_mic_asr_offline_line'
/usr/bin/make -f CMakeFiles/_xf_mic_asr_offline_line_generate_messages_check_deps_Set_Awake_Word_srv.dir/build.make CMakeFiles/_xf_mic_asr_offline_line_generate_messages_check_deps_Set_Awake_Word_srv.dir/build
make[2]: Entering directory '/home/rm/catkin_ws/build/xf_mic_asr_offline_line'
catkin_generated/env_cached.sh /usr/bin/python2 /opt/ros/melodic/share/genmsg/cmake/../../../lib/genmsg/genmsg_check_deps.py xf_mic_asr_offline_line /home/rm/catkin_ws/src/xf_mic_asr_offline_line/srv/Set_Awake_Word_srv.srv 
make[2]: Leaving directory '/home/rm/catkin_ws/build/xf_mic_asr_offline_line'
make[2]: Leaving directory '/home/rm/catkin_ws/build/xf_mic_asr_offline_line'
[  0%] Built target _xf_mic_asr_offline_line_generate_messages_check_deps_Get_Awake_Angle_srv
/usr/bin/make -f CMakeFiles/_xf_mic_asr_offline_line_generate_messages_check_deps_Set_Major_Mic_srv.dir/build.make CMakeFiles/_xf_mic_asr_offline_line_generate_messages_check_deps_Set_Major_Mic_srv.dir/depend
make[2]: Entering directory '/home/rm/catkin_ws/build/xf_mic_asr_offline_line'
cd /home/rm/catkin_ws/build/xf_mic_asr_offline_line && /usr/bin/cmake -E cmake_depends "Unix Makefiles" /home/rm/catkin_ws/src/xf_mic_asr_offline_line /home/rm/catkin_ws/src/xf_mic_asr_offline_line /home/rm/catkin_ws/build/xf_mic_asr_offline_line /home/rm/catkin_ws/build/xf_mic_asr_offline_line /home/rm/catkin_ws/build/xf_mic_asr_offline_line/CMakeFiles/_xf_mic_asr_offline_line_generate_messages_check_deps_Set_Major_Mic_srv.dir/DependInfo.cmake --color=
[  0%] Built target _xf_mic_asr_offline_line_generate_messages_check_deps_Set_Awake_Word_srv
/usr/bin/make -f CMakeFiles/_xf_mic_asr_offline_line_generate_messages_check_deps_Set_Led_On_srv.dir/build.make CMakeFiles/_xf_mic_asr_offline_line_generate_messages_check_deps_Set_Led_On_srv.dir/depend
make[2]: Entering directory '/home/rm/catkin_ws/build/xf_mic_asr_offline_line'
cd /home/rm/catkin_ws/build/xf_mic_asr_offline_line && /usr/bin/cmake -E cmake_depends "Unix Makefiles" /home/rm/catkin_ws/src/xf_mic_asr_offline_line /home/rm/catkin_ws/src/xf_mic_asr_offline_line /home/rm/catkin_ws/build/xf_mic_asr_offline_line /home/rm/catkin_ws/build/xf_mic_asr_offline_line /home/rm/catkin_ws/build/xf_mic_asr_offline_line/CMakeFiles/_xf_mic_asr_offline_line_generate_messages_check_deps_Set_Led_On_srv.dir/DependInfo.cmake --color=
[35m[1mScanning dependencies of target _xf_mic_asr_offline_line_generate_messages_check_deps_Set_Major_Mic_srv[0m
make[2]: Leaving directory '/home/rm/catkin_ws/build/xf_mic_asr_offline_line'
/usr/bin/make -f CMakeFiles/_xf_mic_asr_offline_line_generate_messages_check_deps_Set_Major_Mic_srv.dir/build.make CMakeFiles/_xf_mic_asr_offline_line_generate_messages_check_deps_Set_Major_Mic_srv.dir/build
make[2]: Entering directory '/home/rm/catkin_ws/build/xf_mic_asr_offline_line'
catkin_generated/env_cached.sh /usr/bin/python2 /opt/ros/melodic/share/genmsg/cmake/../../../lib/genmsg/genmsg_check_deps.py xf_mic_asr_offline_line /home/rm/catkin_ws/src/xf_mic_asr_offline_line/srv/Set_Major_Mic_srv.srv 
[35m[1mScanning dependencies of target _xf_mic_asr_offline_line_generate_messages_check_deps_Set_Led_On_srv[0m
make[2]: Leaving directory '/home/rm/catkin_ws/build/xf_mic_asr_offline_line'
/usr/bin/make -f CMakeFiles/_xf_mic_asr_offline_line_generate_messages_check_deps_Set_Led_On_srv.dir/build.make CMakeFiles/_xf_mic_asr_offline_line_generate_messages_check_deps_Set_Led_On_srv.dir/build
make[2]: Entering directory '/home/rm/catkin_ws/build/xf_mic_asr_offline_line'
catkin_generated/env_cached.sh /usr/bin/python2 /opt/ros/melodic/share/genmsg/cmake/../../../lib/genmsg/genmsg_check_deps.py xf_mic_asr_offline_line /home/rm/catkin_ws/src/xf_mic_asr_offline_line/srv/Set_Led_On_srv.srv 
make[2]: Leaving directory '/home/rm/catkin_ws/build/xf_mic_asr_offline_line'
[  0%] Built target _xf_mic_asr_offline_line_generate_messages_check_deps_Set_Major_Mic_srv
/usr/bin/make -f CMakeFiles/_xf_mic_asr_offline_line_generate_messages_check_deps_Pcm_Msg.dir/build.make CMakeFiles/_xf_mic_asr_offline_line_generate_messages_check_deps_Pcm_Msg.dir/depend
make[2]: Entering directory '/home/rm/catkin_ws/build/xf_mic_asr_offline_line'
cd /home/rm/catkin_ws/build/xf_mic_asr_offline_line && /usr/bin/cmake -E cmake_depends "Unix Makefiles" /home/rm/catkin_ws/src/xf_mic_asr_offline_line /home/rm/catkin_ws/src/xf_mic_asr_offline_line /home/rm/catkin_ws/build/xf_mic_asr_offline_line /home/rm/catkin_ws/build/xf_mic_asr_offline_line /home/rm/catkin_ws/build/xf_mic_asr_offline_line/CMakeFiles/_xf_mic_asr_offline_line_generate_messages_check_deps_Pcm_Msg.dir/DependInfo.cmake --color=
make[2]: Leaving directory '/home/rm/catkin_ws/build/xf_mic_asr_offline_line'
[  0%] Built target _xf_mic_asr_offline_line_generate_messages_check_deps_Set_Led_On_srv
[35m[1mScanning dependencies of target _xf_mic_asr_offline_line_generate_messages_check_deps_Pcm_Msg[0m
/usr/bin/make -f CMakeFiles/std_msgs_generate_messages_eus.dir/build.make CMakeFiles/std_msgs_generate_messages_eus.dir/depend
make[2]: Leaving directory '/home/rm/catkin_ws/build/xf_mic_asr_offline_line'
/usr/bin/make -f CMakeFiles/_xf_mic_asr_offline_line_generate_messages_check_deps_Pcm_Msg.dir/build.make CMakeFiles/_xf_mic_asr_offline_line_generate_messages_check_deps_Pcm_Msg.dir/build
make[2]: Entering directory '/home/rm/catkin_ws/build/xf_mic_asr_offline_line'
catkin_generated/env_cached.sh /usr/bin/python2 /opt/ros/melodic/share/genmsg/cmake/../../../lib/genmsg/genmsg_check_deps.py xf_mic_asr_offline_line /home/rm/catkin_ws/src/xf_mic_asr_offline_line/msg/Pcm_Msg.msg 
make[2]: Entering directory '/home/rm/catkin_ws/build/xf_mic_asr_offline_line'
cd /home/rm/catkin_ws/build/xf_mic_asr_offline_line && /usr/bin/cmake -E cmake_depends "Unix Makefiles" /home/rm/catkin_ws/src/xf_mic_asr_offline_line /home/rm/catkin_ws/src/xf_mic_asr_offline_line /home/rm/catkin_ws/build/xf_mic_asr_offline_line /home/rm/catkin_ws/build/xf_mic_asr_offline_line /home/rm/catkin_ws/build/xf_mic_asr_offline_line/CMakeFiles/std_msgs_generate_messages_eus.dir/DependInfo.cmake --color=
[35m[1mScanning dependencies of target std_msgs_generate_messages_eus[0m
make[2]: Leaving directory '/home/rm/catkin_ws/build/xf_mic_asr_offline_line'
/usr/bin/make -f CMakeFiles/std_msgs_generate_messages_eus.dir/build.make CMakeFiles/std_msgs_generate_messages_eus.dir/build
make[2]: Entering directory '/home/rm/catkin_ws/build/xf_mic_asr_offline_line'
make[2]: Nothing to be done for 'CMakeFiles/std_msgs_generate_messages_eus.dir/build'.
make[2]: Leaving directory '/home/rm/catkin_ws/build/xf_mic_asr_offline_line'
[  0%] Built target std_msgs_generate_messages_eus
/usr/bin/make -f CMakeFiles/std_msgs_generate_messages_lisp.dir/build.make CMakeFiles/std_msgs_generate_messages_lisp.dir/depend
make[2]: Entering directory '/home/rm/catkin_ws/build/xf_mic_asr_offline_line'
cd /home/rm/catkin_ws/build/xf_mic_asr_offline_line && /usr/bin/cmake -E cmake_depends "Unix Makefiles" /home/rm/catkin_ws/src/xf_mic_asr_offline_line /home/rm/catkin_ws/src/xf_mic_asr_offline_line /home/rm/catkin_ws/build/xf_mic_asr_offline_line /home/rm/catkin_ws/build/xf_mic_asr_offline_line /home/rm/catkin_ws/build/xf_mic_asr_offline_line/CMakeFiles/std_msgs_generate_messages_lisp.dir/DependInfo.cmake --color=
[35m[1mScanning dependencies of target std_msgs_generate_messages_lisp[0m
make[2]: Leaving directory '/home/rm/catkin_ws/build/xf_mic_asr_offline_line'
/usr/bin/make -f CMakeFiles/std_msgs_generate_messages_lisp.dir/build.make CMakeFiles/std_msgs_generate_messages_lisp.dir/build
make[2]: Leaving directory '/home/rm/catkin_ws/build/xf_mic_asr_offline_line'
make[2]: Entering directory '/home/rm/catkin_ws/build/xf_mic_asr_offline_line'
make[2]: Nothing to be done for 'CMakeFiles/std_msgs_generate_messages_lisp.dir/build'.
make[2]: Leaving directory '/home/rm/catkin_ws/build/xf_mic_asr_offline_line'
[  0%] Built target _xf_mic_asr_offline_line_generate_messages_check_deps_Pcm_Msg
/usr/bin/make -f CMakeFiles/std_msgs_generate_messages_nodejs.dir/build.make CMakeFiles/std_msgs_generate_messages_nodejs.dir/depend
[  0%] Built target std_msgs_generate_messages_lisp
/usr/bin/make -f CMakeFiles/std_msgs_generate_messages_py.dir/build.make CMakeFiles/std_msgs_generate_messages_py.dir/depend
make[2]: Entering directory '/home/rm/catkin_ws/build/xf_mic_asr_offline_line'
cd /home/rm/catkin_ws/build/xf_mic_asr_offline_line && /usr/bin/cmake -E cmake_depends "Unix Makefiles" /home/rm/catkin_ws/src/xf_mic_asr_offline_line /home/rm/catkin_ws/src/xf_mic_asr_offline_line /home/rm/catkin_ws/build/xf_mic_asr_offline_line /home/rm/catkin_ws/build/xf_mic_asr_offline_line /home/rm/catkin_ws/build/xf_mic_asr_offline_line/CMakeFiles/std_msgs_generate_messages_nodejs.dir/DependInfo.cmake --color=
make[2]: Entering directory '/home/rm/catkin_ws/build/xf_mic_asr_offline_line'
cd /home/rm/catkin_ws/build/xf_mic_asr_offline_line && /usr/bin/cmake -E cmake_depends "Unix Makefiles" /home/rm/catkin_ws/src/xf_mic_asr_offline_line /home/rm/catkin_ws/src/xf_mic_asr_offline_line /home/rm/catkin_ws/build/xf_mic_asr_offline_line /home/rm/catkin_ws/build/xf_mic_asr_offline_line /home/rm/catkin_ws/build/xf_mic_asr_offline_line/CMakeFiles/std_msgs_generate_messages_py.dir/DependInfo.cmake --color=
[35m[1mScanning dependencies of target std_msgs_generate_messages_nodejs[0m
make[2]: Leaving directory '/home/rm/catkin_ws/build/xf_mic_asr_offline_line'
/usr/bin/make -f CMakeFiles/std_msgs_generate_messages_nodejs.dir/build.make CMakeFiles/std_msgs_generate_messages_nodejs.dir/build
[35m[1mScanning dependencies of target std_msgs_generate_messages_py[0m
make[2]: Entering directory '/home/rm/catkin_ws/build/xf_mic_asr_offline_line'
make[2]: Nothing to be done for 'CMakeFiles/std_msgs_generate_messages_nodejs.dir/build'.
make[2]: Leaving directory '/home/rm/catkin_ws/build/xf_mic_asr_offline_line'
make[2]: Leaving directory '/home/rm/catkin_ws/build/xf_mic_asr_offline_line'
/usr/bin/make -f CMakeFiles/std_msgs_generate_messages_py.dir/build.make CMakeFiles/std_msgs_generate_messages_py.dir/build
make[2]: Entering directory '/home/rm/catkin_ws/build/xf_mic_asr_offline_line'
make[2]: Nothing to be done for 'CMakeFiles/std_msgs_generate_messages_py.dir/build'.
make[2]: Leaving directory '/home/rm/catkin_ws/build/xf_mic_asr_offline_line'
[  0%] Built target std_msgs_generate_messages_nodejs
/usr/bin/make -f CMakeFiles/xf_mic_asr_offline_line_generate_messages_cpp.dir/build.make CMakeFiles/xf_mic_asr_offline_line_generate_messages_cpp.dir/depend
make[2]: Entering directory '/home/rm/catkin_ws/build/xf_mic_asr_offline_line'
cd /home/rm/catkin_ws/build/xf_mic_asr_offline_line && /usr/bin/cmake -E cmake_depends "Unix Makefiles" /home/rm/catkin_ws/src/xf_mic_asr_offline_line /home/rm/catkin_ws/src/xf_mic_asr_offline_line /home/rm/catkin_ws/build/xf_mic_asr_offline_line /home/rm/catkin_ws/build/xf_mic_asr_offline_line /home/rm/catkin_ws/build/xf_mic_asr_offline_line/CMakeFiles/xf_mic_asr_offline_line_generate_messages_cpp.dir/DependInfo.cmake --color=
[  0%] Built target std_msgs_generate_messages_py
/usr/bin/make -f CMakeFiles/xf_mic_asr_offline_line_generate_messages_eus.dir/build.make CMakeFiles/xf_mic_asr_offline_line_generate_messages_eus.dir/depend
make[2]: Entering directory '/home/rm/catkin_ws/build/xf_mic_asr_offline_line'
cd /home/rm/catkin_ws/build/xf_mic_asr_offline_line && /usr/bin/cmake -E cmake_depends "Unix Makefiles" /home/rm/catkin_ws/src/xf_mic_asr_offline_line /home/rm/catkin_ws/src/xf_mic_asr_offline_line /home/rm/catkin_ws/build/xf_mic_asr_offline_line /home/rm/catkin_ws/build/xf_mic_asr_offline_line /home/rm/catkin_ws/build/xf_mic_asr_offline_line/CMakeFiles/xf_mic_asr_offline_line_generate_messages_eus.dir/DependInfo.cmake --color=
[35m[1mScanning dependencies of target xf_mic_asr_offline_line_generate_messages_cpp[0m
make[2]: Leaving directory '/home/rm/catkin_ws/build/xf_mic_asr_offline_line'
/usr/bin/make -f CMakeFiles/xf_mic_asr_offline_line_generate_messages_cpp.dir/build.make CMakeFiles/xf_mic_asr_offline_line_generate_messages_cpp.dir/build
make[2]: Entering directory '/home/rm/catkin_ws/build/xf_mic_asr_offline_line'
[35m[1mScanning dependencies of target xf_mic_asr_offline_line_generate_messages_eus[0m
make[2]: Leaving directory '/home/rm/catkin_ws/build/xf_mic_asr_offline_line'
/usr/bin/make -f CMakeFiles/xf_mic_asr_offline_line_generate_messages_eus.dir/build.make CMakeFiles/xf_mic_asr_offline_line_generate_messages_eus.dir/build
make[2]: Entering directory '/home/rm/catkin_ws/build/xf_mic_asr_offline_line'
[  1%] [34m[1mGenerating C++ code from xf_mic_asr_offline_line/Pcm_Msg.msg[0m
cd /home/rm/catkin_ws/src/xf_mic_asr_offline_line && /home/rm/catkin_ws/build/xf_mic_asr_offline_line/catkin_generated/env_cached.sh /usr/bin/python2 /opt/ros/melodic/share/gencpp/cmake/../../../lib/gencpp/gen_cpp.py /home/rm/catkin_ws/src/xf_mic_asr_offline_line/msg/Pcm_Msg.msg -Ixf_mic_asr_offline_line:/home/rm/catkin_ws/src/xf_mic_asr_offline_line/msg -Istd_msgs:/opt/ros/melodic/share/std_msgs/cmake/../msg -p xf_mic_asr_offline_line -o /home/rm/catkin_ws/devel/.private/xf_mic_asr_offline_line/include/xf_mic_asr_offline_line -e /opt/ros/melodic/share/gencpp/cmake/..
[  3%] [34m[1mGenerating EusLisp code from xf_mic_asr_offline_line/Pcm_Msg.msg[0m
catkin_generated/env_cached.sh /usr/bin/python2 /opt/ros/melodic/share/geneus/cmake/../../../lib/geneus/gen_eus.py /home/rm/catkin_ws/src/xf_mic_asr_offline_line/msg/Pcm_Msg.msg -Ixf_mic_asr_offline_line:/home/rm/catkin_ws/src/xf_mic_asr_offline_line/msg -Istd_msgs:/opt/ros/melodic/share/std_msgs/cmake/../msg -p xf_mic_asr_offline_line -o /home/rm/catkin_ws/devel/.private/xf_mic_asr_offline_line/share/roseus/ros/xf_mic_asr_offline_line/msg
[  5%] [34m[1mGenerating EusLisp code from xf_mic_asr_offline_line/position.msg[0m
catkin_generated/env_cached.sh /usr/bin/python2 /opt/ros/melodic/share/geneus/cmake/../../../lib/geneus/gen_eus.py /home/rm/catkin_ws/src/xf_mic_asr_offline_line/msg/position.msg -Ixf_mic_asr_offline_line:/home/rm/catkin_ws/src/xf_mic_asr_offline_line/msg -Istd_msgs:/opt/ros/melodic/share/std_msgs/cmake/../msg -p xf_mic_asr_offline_line -o /home/rm/catkin_ws/devel/.private/xf_mic_asr_offline_line/share/roseus/ros/xf_mic_asr_offline_line/msg
[  6%] [34m[1mGenerating C++ code from xf_mic_asr_offline_line/position.msg[0m
cd /home/rm/catkin_ws/src/xf_mic_asr_offline_line && /home/rm/catkin_ws/build/xf_mic_asr_offline_line/catkin_generated/env_cached.sh /usr/bin/python2 /opt/ros/melodic/share/gencpp/cmake/../../../lib/gencpp/gen_cpp.py /home/rm/catkin_ws/src/xf_mic_asr_offline_line/msg/position.msg -Ixf_mic_asr_offline_line:/home/rm/catkin_ws/src/xf_mic_asr_offline_line/msg -Istd_msgs:/opt/ros/melodic/share/std_msgs/cmake/../msg -p xf_mic_asr_offline_line -o /home/rm/catkin_ws/devel/.private/xf_mic_asr_offline_line/include/xf_mic_asr_offline_line -e /opt/ros/melodic/share/gencpp/cmake/..
[  8%] [34m[1mGenerating EusLisp code from xf_mic_asr_offline_line/Get_Major_Mic_srv.srv[0m
catkin_generated/env_cached.sh /usr/bin/python2 /opt/ros/melodic/share/geneus/cmake/../../../lib/geneus/gen_eus.py /home/rm/catkin_ws/src/xf_mic_asr_offline_line/srv/Get_Major_Mic_srv.srv -Ixf_mic_asr_offline_line:/home/rm/catkin_ws/src/xf_mic_asr_offline_line/msg -Istd_msgs:/opt/ros/melodic/share/std_msgs/cmake/../msg -p xf_mic_asr_offline_line -o /home/rm/catkin_ws/devel/.private/xf_mic_asr_offline_line/share/roseus/ros/xf_mic_asr_offline_line/srv
[ 10%] [34m[1mGenerating EusLisp code from xf_mic_asr_offline_line/Set_Led_On_srv.srv[0m
catkin_generated/env_cached.sh /usr/bin/python2 /opt/ros/melodic/share/geneus/cmake/../../../lib/geneus/gen_eus.py /home/rm/catkin_ws/src/xf_mic_asr_offline_line/srv/Set_Led_On_srv.srv -Ixf_mic_asr_offline_line:/home/rm/catkin_ws/src/xf_mic_asr_offline_line/msg -Istd_msgs:/opt/ros/melodic/share/std_msgs/cmake/../msg -p xf_mic_asr_offline_line -o /home/rm/catkin_ws/devel/.private/xf_mic_asr_offline_line/share/roseus/ros/xf_mic_asr_offline_line/srv
[ 12%] [34m[1mGenerating C++ code from xf_mic_asr_offline_line/Get_Major_Mic_srv.srv[0m
cd /home/rm/catkin_ws/src/xf_mic_asr_offline_line && /home/rm/catkin_ws/build/xf_mic_asr_offline_line/catkin_generated/env_cached.sh /usr/bin/python2 /opt/ros/melodic/share/gencpp/cmake/../../../lib/gencpp/gen_cpp.py /home/rm/catkin_ws/src/xf_mic_asr_offline_line/srv/Get_Major_Mic_srv.srv -Ixf_mic_asr_offline_line:/home/rm/catkin_ws/src/xf_mic_asr_offline_line/msg -Istd_msgs:/opt/ros/melodic/share/std_msgs/cmake/../msg -p xf_mic_asr_offline_line -o /home/rm/catkin_ws/devel/.private/xf_mic_asr_offline_line/include/xf_mic_asr_offline_line -e /opt/ros/melodic/share/gencpp/cmake/..
[ 13%] [34m[1mGenerating EusLisp code from xf_mic_asr_offline_line/Set_Awake_Word_srv.srv[0m
catkin_generated/env_cached.sh /usr/bin/python2 /opt/ros/melodic/share/geneus/cmake/../../../lib/geneus/gen_eus.py /home/rm/catkin_ws/src/xf_mic_asr_offline_line/srv/Set_Awake_Word_srv.srv -Ixf_mic_asr_offline_line:/home/rm/catkin_ws/src/xf_mic_asr_offline_line/msg -Istd_msgs:/opt/ros/melodic/share/std_msgs/cmake/../msg -p xf_mic_asr_offline_line -o /home/rm/catkin_ws/devel/.private/xf_mic_asr_offline_line/share/roseus/ros/xf_mic_asr_offline_line/srv
[ 15%] [34m[1mGenerating EusLisp code from xf_mic_asr_offline_line/Start_Record_srv.srv[0m
catkin_generated/env_cached.sh /usr/bin/python2 /opt/ros/melodic/share/geneus/cmake/../../../lib/geneus/gen_eus.py /home/rm/catkin_ws/src/xf_mic_asr_offline_line/srv/Start_Record_srv.srv -Ixf_mic_asr_offline_line:/home/rm/catkin_ws/src/xf_mic_asr_offline_line/msg -Istd_msgs:/opt/ros/melodic/share/std_msgs/cmake/../msg -p xf_mic_asr_offline_line -o /home/rm/catkin_ws/devel/.private/xf_mic_asr_offline_line/share/roseus/ros/xf_mic_asr_offline_line/srv
[ 17%] [34m[1mGenerating EusLisp code from xf_mic_asr_offline_line/Get_Awake_Angle_srv.srv[0m
catkin_generated/env_cached.sh /usr/bin/python2 /opt/ros/melodic/share/geneus/cmake/../../../lib/geneus/gen_eus.py /home/rm/catkin_ws/src/xf_mic_asr_offline_line/srv/Get_Awake_Angle_srv.srv -Ixf_mic_asr_offline_line:/home/rm/catkin_ws/src/xf_mic_asr_offline_line/msg -Istd_msgs:/opt/ros/melodic/share/std_msgs/cmake/../msg -p xf_mic_asr_offline_line -o /home/rm/catkin_ws/devel/.private/xf_mic_asr_offline_line/share/roseus/ros/xf_mic_asr_offline_line/srv
[ 18%] [34m[1mGenerating C++ code from xf_mic_asr_offline_line/Set_Led_On_srv.srv[0m
cd /home/rm/catkin_ws/src/xf_mic_asr_offline_line && /home/rm/catkin_ws/build/xf_mic_asr_offline_line/catkin_generated/env_cached.sh /usr/bin/python2 /opt/ros/melodic/share/gencpp/cmake/../../../lib/gencpp/gen_cpp.py /home/rm/catkin_ws/src/xf_mic_asr_offline_line/srv/Set_Led_On_srv.srv -Ixf_mic_asr_offline_line:/home/rm/catkin_ws/src/xf_mic_asr_offline_line/msg -Istd_msgs:/opt/ros/melodic/share/std_msgs/cmake/../msg -p xf_mic_asr_offline_line -o /home/rm/catkin_ws/devel/.private/xf_mic_asr_offline_line/include/xf_mic_asr_offline_line -e /opt/ros/melodic/share/gencpp/cmake/..
[ 20%] [34m[1mGenerating EusLisp code from xf_mic_asr_offline_line/Get_Offline_Result_srv.srv[0m
catkin_generated/env_cached.sh /usr/bin/python2 /opt/ros/melodic/share/geneus/cmake/../../../lib/geneus/gen_eus.py /home/rm/catkin_ws/src/xf_mic_asr_offline_line/srv/Get_Offline_Result_srv.srv -Ixf_mic_asr_offline_line:/home/rm/catkin_ws/src/xf_mic_asr_offline_line/msg -Istd_msgs:/opt/ros/melodic/share/std_msgs/cmake/../msg -p xf_mic_asr_offline_line -o /home/rm/catkin_ws/devel/.private/xf_mic_asr_offline_line/share/roseus/ros/xf_mic_asr_offline_line/srv
[ 22%] [34m[1mGenerating EusLisp code from xf_mic_asr_offline_line/Set_Major_Mic_srv.srv[0m
catkin_generated/env_cached.sh /usr/bin/python2 /opt/ros/melodic/share/geneus/cmake/../../../lib/geneus/gen_eus.py /home/rm/catkin_ws/src/xf_mic_asr_offline_line/srv/Set_Major_Mic_srv.srv -Ixf_mic_asr_offline_line:/home/rm/catkin_ws/src/xf_mic_asr_offline_line/msg -Istd_msgs:/opt/ros/melodic/share/std_msgs/cmake/../msg -p xf_mic_asr_offline_line -o /home/rm/catkin_ws/devel/.private/xf_mic_asr_offline_line/share/roseus/ros/xf_mic_asr_offline_line/srv
[ 24%] [34m[1mGenerating EusLisp manifest code for xf_mic_asr_offline_line[0m
catkin_generated/env_cached.sh /usr/bin/python2 /opt/ros/melodic/share/geneus/cmake/../../../lib/geneus/gen_eus.py -m -o /home/rm/catkin_ws/devel/.private/xf_mic_asr_offline_line/share/roseus/ros/xf_mic_asr_offline_line xf_mic_asr_offline_line std_msgs
[ 25%] [34m[1mGenerating C++ code from xf_mic_asr_offline_line/Set_Awake_Word_srv.srv[0m
cd /home/rm/catkin_ws/src/xf_mic_asr_offline_line && /home/rm/catkin_ws/build/xf_mic_asr_offline_line/catkin_generated/env_cached.sh /usr/bin/python2 /opt/ros/melodic/share/gencpp/cmake/../../../lib/gencpp/gen_cpp.py /home/rm/catkin_ws/src/xf_mic_asr_offline_line/srv/Set_Awake_Word_srv.srv -Ixf_mic_asr_offline_line:/home/rm/catkin_ws/src/xf_mic_asr_offline_line/msg -Istd_msgs:/opt/ros/melodic/share/std_msgs/cmake/../msg -p xf_mic_asr_offline_line -o /home/rm/catkin_ws/devel/.private/xf_mic_asr_offline_line/include/xf_mic_asr_offline_line -e /opt/ros/melodic/share/gencpp/cmake/..
[ 27%] [34m[1mGenerating C++ code from xf_mic_asr_offline_line/Start_Record_srv.srv[0m
cd /home/rm/catkin_ws/src/xf_mic_asr_offline_line && /home/rm/catkin_ws/build/xf_mic_asr_offline_line/catkin_generated/env_cached.sh /usr/bin/python2 /opt/ros/melodic/share/gencpp/cmake/../../../lib/gencpp/gen_cpp.py /home/rm/catkin_ws/src/xf_mic_asr_offline_line/srv/Start_Record_srv.srv -Ixf_mic_asr_offline_line:/home/rm/catkin_ws/src/xf_mic_asr_offline_line/msg -Istd_msgs:/opt/ros/melodic/share/std_msgs/cmake/../msg -p xf_mic_asr_offline_line -o /home/rm/catkin_ws/devel/.private/xf_mic_asr_offline_line/include/xf_mic_asr_offline_line -e /opt/ros/melodic/share/gencpp/cmake/..
[ 29%] [34m[1mGenerating C++ code from xf_mic_asr_offline_line/Get_Awake_Angle_srv.srv[0m
cd /home/rm/catkin_ws/src/xf_mic_asr_offline_line && /home/rm/catkin_ws/build/xf_mic_asr_offline_line/catkin_generated/env_cached.sh /usr/bin/python2 /opt/ros/melodic/share/gencpp/cmake/../../../lib/gencpp/gen_cpp.py /home/rm/catkin_ws/src/xf_mic_asr_offline_line/srv/Get_Awake_Angle_srv.srv -Ixf_mic_asr_offline_line:/home/rm/catkin_ws/src/xf_mic_asr_offline_line/msg -Istd_msgs:/opt/ros/melodic/share/std_msgs/cmake/../msg -p xf_mic_asr_offline_line -o /home/rm/catkin_ws/devel/.private/xf_mic_asr_offline_line/include/xf_mic_asr_offline_line -e /opt/ros/melodic/share/gencpp/cmake/..
make[2]: Leaving directory '/home/rm/catkin_ws/build/xf_mic_asr_offline_line'
[ 29%] Built target xf_mic_asr_offline_line_generate_messages_eus
/usr/bin/make -f CMakeFiles/xf_mic_asr_offline_line_generate_messages_lisp.dir/build.make CMakeFiles/xf_mic_asr_offline_line_generate_messages_lisp.dir/depend
make[2]: Entering directory '/home/rm/catkin_ws/build/xf_mic_asr_offline_line'
cd /home/rm/catkin_ws/build/xf_mic_asr_offline_line && /usr/bin/cmake -E cmake_depends "Unix Makefiles" /home/rm/catkin_ws/src/xf_mic_asr_offline_line /home/rm/catkin_ws/src/xf_mic_asr_offline_line /home/rm/catkin_ws/build/xf_mic_asr_offline_line /home/rm/catkin_ws/build/xf_mic_asr_offline_line /home/rm/catkin_ws/build/xf_mic_asr_offline_line/CMakeFiles/xf_mic_asr_offline_line_generate_messages_lisp.dir/DependInfo.cmake --color=
[35m[1mScanning dependencies of target xf_mic_asr_offline_line_generate_messages_lisp[0m
make[2]: Leaving directory '/home/rm/catkin_ws/build/xf_mic_asr_offline_line'
/usr/bin/make -f CMakeFiles/xf_mic_asr_offline_line_generate_messages_lisp.dir/build.make CMakeFiles/xf_mic_asr_offline_line_generate_messages_lisp.dir/build
make[2]: Entering directory '/home/rm/catkin_ws/build/xf_mic_asr_offline_line'
[ 31%] [34m[1mGenerating Lisp code from xf_mic_asr_offline_line/Pcm_Msg.msg[0m
catkin_generated/env_cached.sh /usr/bin/python2 /opt/ros/melodic/share/genlisp/cmake/../../../lib/genlisp/gen_lisp.py /home/rm/catkin_ws/src/xf_mic_asr_offline_line/msg/Pcm_Msg.msg -Ixf_mic_asr_offline_line:/home/rm/catkin_ws/src/xf_mic_asr_offline_line/msg -Istd_msgs:/opt/ros/melodic/share/std_msgs/cmake/../msg -p xf_mic_asr_offline_line -o /home/rm/catkin_ws/devel/.private/xf_mic_asr_offline_line/share/common-lisp/ros/xf_mic_asr_offline_line/msg
[ 32%] [34m[1mGenerating Lisp code from xf_mic_asr_offline_line/position.msg[0m
catkin_generated/env_cached.sh /usr/bin/python2 /opt/ros/melodic/share/genlisp/cmake/../../../lib/genlisp/gen_lisp.py /home/rm/catkin_ws/src/xf_mic_asr_offline_line/msg/position.msg -Ixf_mic_asr_offline_line:/home/rm/catkin_ws/src/xf_mic_asr_offline_line/msg -Istd_msgs:/opt/ros/melodic/share/std_msgs/cmake/../msg -p xf_mic_asr_offline_line -o /home/rm/catkin_ws/devel/.private/xf_mic_asr_offline_line/share/common-lisp/ros/xf_mic_asr_offline_line/msg
[ 34%] [34m[1mGenerating Lisp code from xf_mic_asr_offline_line/Get_Major_Mic_srv.srv[0m
catkin_generated/env_cached.sh /usr/bin/python2 /opt/ros/melodic/share/genlisp/cmake/../../../lib/genlisp/gen_lisp.py /home/rm/catkin_ws/src/xf_mic_asr_offline_line/srv/Get_Major_Mic_srv.srv -Ixf_mic_asr_offline_line:/home/rm/catkin_ws/src/xf_mic_asr_offline_line/msg -Istd_msgs:/opt/ros/melodic/share/std_msgs/cmake/../msg -p xf_mic_asr_offline_line -o /home/rm/catkin_ws/devel/.private/xf_mic_asr_offline_line/share/common-lisp/ros/xf_mic_asr_offline_line/srv
[ 36%] [34m[1mGenerating C++ code from xf_mic_asr_offline_line/Get_Offline_Result_srv.srv[0m
cd /home/rm/catkin_ws/src/xf_mic_asr_offline_line && /home/rm/catkin_ws/build/xf_mic_asr_offline_line/catkin_generated/env_cached.sh /usr/bin/python2 /opt/ros/melodic/share/gencpp/cmake/../../../lib/gencpp/gen_cpp.py /home/rm/catkin_ws/src/xf_mic_asr_offline_line/srv/Get_Offline_Result_srv.srv -Ixf_mic_asr_offline_line:/home/rm/catkin_ws/src/xf_mic_asr_offline_line/msg -Istd_msgs:/opt/ros/melodic/share/std_msgs/cmake/../msg -p xf_mic_asr_offline_line -o /home/rm/catkin_ws/devel/.private/xf_mic_asr_offline_line/include/xf_mic_asr_offline_line -e /opt/ros/melodic/share/gencpp/cmake/..
[ 37%] [34m[1mGenerating Lisp code from xf_mic_asr_offline_line/Set_Led_On_srv.srv[0m
catkin_generated/env_cached.sh /usr/bin/python2 /opt/ros/melodic/share/genlisp/cmake/../../../lib/genlisp/gen_lisp.py /home/rm/catkin_ws/src/xf_mic_asr_offline_line/srv/Set_Led_On_srv.srv -Ixf_mic_asr_offline_line:/home/rm/catkin_ws/src/xf_mic_asr_offline_line/msg -Istd_msgs:/opt/ros/melodic/share/std_msgs/cmake/../msg -p xf_mic_asr_offline_line -o /home/rm/catkin_ws/devel/.private/xf_mic_asr_offline_line/share/common-lisp/ros/xf_mic_asr_offline_line/srv
[ 39%] [34m[1mGenerating Lisp code from xf_mic_asr_offline_line/Set_Awake_Word_srv.srv[0m
catkin_generated/env_cached.sh /usr/bin/python2 /opt/ros/melodic/share/genlisp/cmake/../../../lib/genlisp/gen_lisp.py /home/rm/catkin_ws/src/xf_mic_asr_offline_line/srv/Set_Awake_Word_srv.srv -Ixf_mic_asr_offline_line:/home/rm/catkin_ws/src/xf_mic_asr_offline_line/msg -Istd_msgs:/opt/ros/melodic/share/std_msgs/cmake/../msg -p xf_mic_asr_offline_line -o /home/rm/catkin_ws/devel/.private/xf_mic_asr_offline_line/share/common-lisp/ros/xf_mic_asr_offline_line/srv
[ 41%] [34m[1mGenerating Lisp code from xf_mic_asr_offline_line/Start_Record_srv.srv[0m
catkin_generated/env_cached.sh /usr/bin/python2 /opt/ros/melodic/share/genlisp/cmake/../../../lib/genlisp/gen_lisp.py /home/rm/catkin_ws/src/xf_mic_asr_offline_line/srv/Start_Record_srv.srv -Ixf_mic_asr_offline_line:/home/rm/catkin_ws/src/xf_mic_asr_offline_line/msg -Istd_msgs:/opt/ros/melodic/share/std_msgs/cmake/../msg -p xf_mic_asr_offline_line -o /home/rm/catkin_ws/devel/.private/xf_mic_asr_offline_line/share/common-lisp/ros/xf_mic_asr_offline_line/srv
[ 43%] [34m[1mGenerating Lisp code from xf_mic_asr_offline_line/Get_Awake_Angle_srv.srv[0m
catkin_generated/env_cached.sh /usr/bin/python2 /opt/ros/melodic/share/genlisp/cmake/../../../lib/genlisp/gen_lisp.py /home/rm/catkin_ws/src/xf_mic_asr_offline_line/srv/Get_Awake_Angle_srv.srv -Ixf_mic_asr_offline_line:/home/rm/catkin_ws/src/xf_mic_asr_offline_line/msg -Istd_msgs:/opt/ros/melodic/share/std_msgs/cmake/../msg -p xf_mic_asr_offline_line -o /home/rm/catkin_ws/devel/.private/xf_mic_asr_offline_line/share/common-lisp/ros/xf_mic_asr_offline_line/srv
[ 44%] [34m[1mGenerating C++ code from xf_mic_asr_offline_line/Set_Major_Mic_srv.srv[0m
cd /home/rm/catkin_ws/src/xf_mic_asr_offline_line && /home/rm/catkin_ws/build/xf_mic_asr_offline_line/catkin_generated/env_cached.sh /usr/bin/python2 /opt/ros/melodic/share/gencpp/cmake/../../../lib/gencpp/gen_cpp.py /home/rm/catkin_ws/src/xf_mic_asr_offline_line/srv/Set_Major_Mic_srv.srv -Ixf_mic_asr_offline_line:/home/rm/catkin_ws/src/xf_mic_asr_offline_line/msg -Istd_msgs:/opt/ros/melodic/share/std_msgs/cmake/../msg -p xf_mic_asr_offline_line -o /home/rm/catkin_ws/devel/.private/xf_mic_asr_offline_line/include/xf_mic_asr_offline_line -e /opt/ros/melodic/share/gencpp/cmake/..
[ 46%] [34m[1mGenerating Lisp code from xf_mic_asr_offline_line/Get_Offline_Result_srv.srv[0m
catkin_generated/env_cached.sh /usr/bin/python2 /opt/ros/melodic/share/genlisp/cmake/../../../lib/genlisp/gen_lisp.py /home/rm/catkin_ws/src/xf_mic_asr_offline_line/srv/Get_Offline_Result_srv.srv -Ixf_mic_asr_offline_line:/home/rm/catkin_ws/src/xf_mic_asr_offline_line/msg -Istd_msgs:/opt/ros/melodic/share/std_msgs/cmake/../msg -p xf_mic_asr_offline_line -o /home/rm/catkin_ws/devel/.private/xf_mic_asr_offline_line/share/common-lisp/ros/xf_mic_asr_offline_line/srv
[ 48%] [34m[1mGenerating Lisp code from xf_mic_asr_offline_line/Set_Major_Mic_srv.srv[0m
catkin_generated/env_cached.sh /usr/bin/python2 /opt/ros/melodic/share/genlisp/cmake/../../../lib/genlisp/gen_lisp.py /home/rm/catkin_ws/src/xf_mic_asr_offline_line/srv/Set_Major_Mic_srv.srv -Ixf_mic_asr_offline_line:/home/rm/catkin_ws/src/xf_mic_asr_offline_line/msg -Istd_msgs:/opt/ros/melodic/share/std_msgs/cmake/../msg -p xf_mic_asr_offline_line -o /home/rm/catkin_ws/devel/.private/xf_mic_asr_offline_line/share/common-lisp/ros/xf_mic_asr_offline_line/srv
make[2]: Leaving directory '/home/rm/catkin_ws/build/xf_mic_asr_offline_line'
[ 48%] Built target xf_mic_asr_offline_line_generate_messages_lisp
/usr/bin/make -f CMakeFiles/xf_mic_asr_offline_line_generate_messages_nodejs.dir/build.make CMakeFiles/xf_mic_asr_offline_line_generate_messages_nodejs.dir/depend
make[2]: Entering directory '/home/rm/catkin_ws/build/xf_mic_asr_offline_line'
cd /home/rm/catkin_ws/build/xf_mic_asr_offline_line && /usr/bin/cmake -E cmake_depends "Unix Makefiles" /home/rm/catkin_ws/src/xf_mic_asr_offline_line /home/rm/catkin_ws/src/xf_mic_asr_offline_line /home/rm/catkin_ws/build/xf_mic_asr_offline_line /home/rm/catkin_ws/build/xf_mic_asr_offline_line /home/rm/catkin_ws/build/xf_mic_asr_offline_line/CMakeFiles/xf_mic_asr_offline_line_generate_messages_nodejs.dir/DependInfo.cmake --color=
[35m[1mScanning dependencies of target xf_mic_asr_offline_line_generate_messages_nodejs[0m
make[2]: Leaving directory '/home/rm/catkin_ws/build/xf_mic_asr_offline_line'
/usr/bin/make -f CMakeFiles/xf_mic_asr_offline_line_generate_messages_nodejs.dir/build.make CMakeFiles/xf_mic_asr_offline_line_generate_messages_nodejs.dir/build
make[2]: Entering directory '/home/rm/catkin_ws/build/xf_mic_asr_offline_line'
[ 50%] [34m[1mGenerating Javascript code from xf_mic_asr_offline_line/Pcm_Msg.msg[0m
catkin_generated/env_cached.sh /usr/bin/python2 /opt/ros/melodic/share/gennodejs/cmake/../../../lib/gennodejs/gen_nodejs.py /home/rm/catkin_ws/src/xf_mic_asr_offline_line/msg/Pcm_Msg.msg -Ixf_mic_asr_offline_line:/home/rm/catkin_ws/src/xf_mic_asr_offline_line/msg -Istd_msgs:/opt/ros/melodic/share/std_msgs/cmake/../msg -p xf_mic_asr_offline_line -o /home/rm/catkin_ws/devel/.private/xf_mic_asr_offline_line/share/gennodejs/ros/xf_mic_asr_offline_line/msg
[ 51%] [34m[1mGenerating Javascript code from xf_mic_asr_offline_line/position.msg[0m
catkin_generated/env_cached.sh /usr/bin/python2 /opt/ros/melodic/share/gennodejs/cmake/../../../lib/gennodejs/gen_nodejs.py /home/rm/catkin_ws/src/xf_mic_asr_offline_line/msg/position.msg -Ixf_mic_asr_offline_line:/home/rm/catkin_ws/src/xf_mic_asr_offline_line/msg -Istd_msgs:/opt/ros/melodic/share/std_msgs/cmake/../msg -p xf_mic_asr_offline_line -o /home/rm/catkin_ws/devel/.private/xf_mic_asr_offline_line/share/gennodejs/ros/xf_mic_asr_offline_line/msg
make[2]: Leaving directory '/home/rm/catkin_ws/build/xf_mic_asr_offline_line'
[ 51%] Built target xf_mic_asr_offline_line_generate_messages_cpp
[ 53%] [34m[1mGenerating Javascript code from xf_mic_asr_offline_line/Get_Major_Mic_srv.srv[0m
catkin_generated/env_cached.sh /usr/bin/python2 /opt/ros/melodic/share/gennodejs/cmake/../../../lib/gennodejs/gen_nodejs.py /home/rm/catkin_ws/src/xf_mic_asr_offline_line/srv/Get_Major_Mic_srv.srv -Ixf_mic_asr_offline_line:/home/rm/catkin_ws/src/xf_mic_asr_offline_line/msg -Istd_msgs:/opt/ros/melodic/share/std_msgs/cmake/../msg -p xf_mic_asr_offline_line -o /home/rm/catkin_ws/devel/.private/xf_mic_asr_offline_line/share/gennodejs/ros/xf_mic_asr_offline_line/srv
/usr/bin/make -f CMakeFiles/xf_mic_asr_offline_line_generate_messages_py.dir/build.make CMakeFiles/xf_mic_asr_offline_line_generate_messages_py.dir/depend
make[2]: Entering directory '/home/rm/catkin_ws/build/xf_mic_asr_offline_line'
cd /home/rm/catkin_ws/build/xf_mic_asr_offline_line && /usr/bin/cmake -E cmake_depends "Unix Makefiles" /home/rm/catkin_ws/src/xf_mic_asr_offline_line /home/rm/catkin_ws/src/xf_mic_asr_offline_line /home/rm/catkin_ws/build/xf_mic_asr_offline_line /home/rm/catkin_ws/build/xf_mic_asr_offline_line /home/rm/catkin_ws/build/xf_mic_asr_offline_line/CMakeFiles/xf_mic_asr_offline_line_generate_messages_py.dir/DependInfo.cmake --color=
[35m[1mScanning dependencies of target xf_mic_asr_offline_line_generate_messages_py[0m
make[2]: Leaving directory '/home/rm/catkin_ws/build/xf_mic_asr_offline_line'
/usr/bin/make -f CMakeFiles/xf_mic_asr_offline_line_generate_messages_py.dir/build.make CMakeFiles/xf_mic_asr_offline_line_generate_messages_py.dir/build
make[2]: Entering directory '/home/rm/catkin_ws/build/xf_mic_asr_offline_line'
[ 55%] [34m[1mGenerating Python from MSG xf_mic_asr_offline_line/Pcm_Msg[0m
catkin_generated/env_cached.sh /usr/bin/python2 /opt/ros/melodic/share/genpy/cmake/../../../lib/genpy/genmsg_py.py /home/rm/catkin_ws/src/xf_mic_asr_offline_line/msg/Pcm_Msg.msg -Ixf_mic_asr_offline_line:/home/rm/catkin_ws/src/xf_mic_asr_offline_line/msg -Istd_msgs:/opt/ros/melodic/share/std_msgs/cmake/../msg -p xf_mic_asr_offline_line -o /home/rm/catkin_ws/devel/.private/xf_mic_asr_offline_line/lib/python2.7/dist-packages/xf_mic_asr_offline_line/msg
[ 56%] [34m[1mGenerating Javascript code from xf_mic_asr_offline_line/Set_Led_On_srv.srv[0m
catkin_generated/env_cached.sh /usr/bin/python2 /opt/ros/melodic/share/gennodejs/cmake/../../../lib/gennodejs/gen_nodejs.py /home/rm/catkin_ws/src/xf_mic_asr_offline_line/srv/Set_Led_On_srv.srv -Ixf_mic_asr_offline_line:/home/rm/catkin_ws/src/xf_mic_asr_offline_line/msg -Istd_msgs:/opt/ros/melodic/share/std_msgs/cmake/../msg -p xf_mic_asr_offline_line -o /home/rm/catkin_ws/devel/.private/xf_mic_asr_offline_line/share/gennodejs/ros/xf_mic_asr_offline_line/srv
[ 58%] [34m[1mGenerating Javascript code from xf_mic_asr_offline_line/Set_Awake_Word_srv.srv[0m
catkin_generated/env_cached.sh /usr/bin/python2 /opt/ros/melodic/share/gennodejs/cmake/../../../lib/gennodejs/gen_nodejs.py /home/rm/catkin_ws/src/xf_mic_asr_offline_line/srv/Set_Awake_Word_srv.srv -Ixf_mic_asr_offline_line:/home/rm/catkin_ws/src/xf_mic_asr_offline_line/msg -Istd_msgs:/opt/ros/melodic/share/std_msgs/cmake/../msg -p xf_mic_asr_offline_line -o /home/rm/catkin_ws/devel/.private/xf_mic_asr_offline_line/share/gennodejs/ros/xf_mic_asr_offline_line/srv
[ 60%] [34m[1mGenerating Javascript code from xf_mic_asr_offline_line/Start_Record_srv.srv[0m
catkin_generated/env_cached.sh /usr/bin/python2 /opt/ros/melodic/share/gennodejs/cmake/../../../lib/gennodejs/gen_nodejs.py /home/rm/catkin_ws/src/xf_mic_asr_offline_line/srv/Start_Record_srv.srv -Ixf_mic_asr_offline_line:/home/rm/catkin_ws/src/xf_mic_asr_offline_line/msg -Istd_msgs:/opt/ros/melodic/share/std_msgs/cmake/../msg -p xf_mic_asr_offline_line -o /home/rm/catkin_ws/devel/.private/xf_mic_asr_offline_line/share/gennodejs/ros/xf_mic_asr_offline_line/srv
[ 62%] [34m[1mGenerating Python from MSG xf_mic_asr_offline_line/position[0m
catkin_generated/env_cached.sh /usr/bin/python2 /opt/ros/melodic/share/genpy/cmake/../../../lib/genpy/genmsg_py.py /home/rm/catkin_ws/src/xf_mic_asr_offline_line/msg/position.msg -Ixf_mic_asr_offline_line:/home/rm/catkin_ws/src/xf_mic_asr_offline_line/msg -Istd_msgs:/opt/ros/melodic/share/std_msgs/cmake/../msg -p xf_mic_asr_offline_line -o /home/rm/catkin_ws/devel/.private/xf_mic_asr_offline_line/lib/python2.7/dist-packages/xf_mic_asr_offline_line/msg
[ 63%] [34m[1mGenerating Javascript code from xf_mic_asr_offline_line/Get_Awake_Angle_srv.srv[0m
catkin_generated/env_cached.sh /usr/bin/python2 /opt/ros/melodic/share/gennodejs/cmake/../../../lib/gennodejs/gen_nodejs.py /home/rm/catkin_ws/src/xf_mic_asr_offline_line/srv/Get_Awake_Angle_srv.srv -Ixf_mic_asr_offline_line:/home/rm/catkin_ws/src/xf_mic_asr_offline_line/msg -Istd_msgs:/opt/ros/melodic/share/std_msgs/cmake/../msg -p xf_mic_asr_offline_line -o /home/rm/catkin_ws/devel/.private/xf_mic_asr_offline_line/share/gennodejs/ros/xf_mic_asr_offline_line/srv
[ 65%] [34m[1mGenerating Javascript code from xf_mic_asr_offline_line/Get_Offline_Result_srv.srv[0m
catkin_generated/env_cached.sh /usr/bin/python2 /opt/ros/melodic/share/gennodejs/cmake/../../../lib/gennodejs/gen_nodejs.py /home/rm/catkin_ws/src/xf_mic_asr_offline_line/srv/Get_Offline_Result_srv.srv -Ixf_mic_asr_offline_line:/home/rm/catkin_ws/src/xf_mic_asr_offline_line/msg -Istd_msgs:/opt/ros/melodic/share/std_msgs/cmake/../msg -p xf_mic_asr_offline_line -o /home/rm/catkin_ws/devel/.private/xf_mic_asr_offline_line/share/gennodejs/ros/xf_mic_asr_offline_line/srv
[ 67%] [34m[1mGenerating Javascript code from xf_mic_asr_offline_line/Set_Major_Mic_srv.srv[0m
catkin_generated/env_cached.sh /usr/bin/python2 /opt/ros/melodic/share/gennodejs/cmake/../../../lib/gennodejs/gen_nodejs.py /home/rm/catkin_ws/src/xf_mic_asr_offline_line/srv/Set_Major_Mic_srv.srv -Ixf_mic_asr_offline_line:/home/rm/catkin_ws/src/xf_mic_asr_offline_line/msg -Istd_msgs:/opt/ros/melodic/share/std_msgs/cmake/../msg -p xf_mic_asr_offline_line -o /home/rm/catkin_ws/devel/.private/xf_mic_asr_offline_line/share/gennodejs/ros/xf_mic_asr_offline_line/srv
[ 68%] [34m[1mGenerating Python code from SRV xf_mic_asr_offline_line/Get_Major_Mic_srv[0m
catkin_generated/env_cached.sh /usr/bin/python2 /opt/ros/melodic/share/genpy/cmake/../../../lib/genpy/gensrv_py.py /home/rm/catkin_ws/src/xf_mic_asr_offline_line/srv/Get_Major_Mic_srv.srv -Ixf_mic_asr_offline_line:/home/rm/catkin_ws/src/xf_mic_asr_offline_line/msg -Istd_msgs:/opt/ros/melodic/share/std_msgs/cmake/../msg -p xf_mic_asr_offline_line -o /home/rm/catkin_ws/devel/.private/xf_mic_asr_offline_line/lib/python2.7/dist-packages/xf_mic_asr_offline_line/srv
make[2]: Leaving directory '/home/rm/catkin_ws/build/xf_mic_asr_offline_line'
[ 68%] Built target xf_mic_asr_offline_line_generate_messages_nodejs
[ 70%] [34m[1mGenerating Python code from SRV xf_mic_asr_offline_line/Set_Led_On_srv[0m
catkin_generated/env_cached.sh /usr/bin/python2 /opt/ros/melodic/share/genpy/cmake/../../../lib/genpy/gensrv_py.py /home/rm/catkin_ws/src/xf_mic_asr_offline_line/srv/Set_Led_On_srv.srv -Ixf_mic_asr_offline_line:/home/rm/catkin_ws/src/xf_mic_asr_offline_line/msg -Istd_msgs:/opt/ros/melodic/share/std_msgs/cmake/../msg -p xf_mic_asr_offline_line -o /home/rm/catkin_ws/devel/.private/xf_mic_asr_offline_line/lib/python2.7/dist-packages/xf_mic_asr_offline_line/srv
[ 72%] [34m[1mGenerating Python code from SRV xf_mic_asr_offline_line/Set_Awake_Word_srv[0m
catkin_generated/env_cached.sh /usr/bin/python2 /opt/ros/melodic/share/genpy/cmake/../../../lib/genpy/gensrv_py.py /home/rm/catkin_ws/src/xf_mic_asr_offline_line/srv/Set_Awake_Word_srv.srv -Ixf_mic_asr_offline_line:/home/rm/catkin_ws/src/xf_mic_asr_offline_line/msg -Istd_msgs:/opt/ros/melodic/share/std_msgs/cmake/../msg -p xf_mic_asr_offline_line -o /home/rm/catkin_ws/devel/.private/xf_mic_asr_offline_line/lib/python2.7/dist-packages/xf_mic_asr_offline_line/srv
[ 74%] [34m[1mGenerating Python code from SRV xf_mic_asr_offline_line/Start_Record_srv[0m
catkin_generated/env_cached.sh /usr/bin/python2 /opt/ros/melodic/share/genpy/cmake/../../../lib/genpy/gensrv_py.py /home/rm/catkin_ws/src/xf_mic_asr_offline_line/srv/Start_Record_srv.srv -Ixf_mic_asr_offline_line:/home/rm/catkin_ws/src/xf_mic_asr_offline_line/msg -Istd_msgs:/opt/ros/melodic/share/std_msgs/cmake/../msg -p xf_mic_asr_offline_line -o /home/rm/catkin_ws/devel/.private/xf_mic_asr_offline_line/lib/python2.7/dist-packages/xf_mic_asr_offline_line/srv
[ 75%] [34m[1mGenerating Python code from SRV xf_mic_asr_offline_line/Get_Awake_Angle_srv[0m
catkin_generated/env_cached.sh /usr/bin/python2 /opt/ros/melodic/share/genpy/cmake/../../../lib/genpy/gensrv_py.py /home/rm/catkin_ws/src/xf_mic_asr_offline_line/srv/Get_Awake_Angle_srv.srv -Ixf_mic_asr_offline_line:/home/rm/catkin_ws/src/xf_mic_asr_offline_line/msg -Istd_msgs:/opt/ros/melodic/share/std_msgs/cmake/../msg -p xf_mic_asr_offline_line -o /home/rm/catkin_ws/devel/.private/xf_mic_asr_offline_line/lib/python2.7/dist-packages/xf_mic_asr_offline_line/srv
[ 77%] [34m[1mGenerating Python code from SRV xf_mic_asr_offline_line/Get_Offline_Result_srv[0m
catkin_generated/env_cached.sh /usr/bin/python2 /opt/ros/melodic/share/genpy/cmake/../../../lib/genpy/gensrv_py.py /home/rm/catkin_ws/src/xf_mic_asr_offline_line/srv/Get_Offline_Result_srv.srv -Ixf_mic_asr_offline_line:/home/rm/catkin_ws/src/xf_mic_asr_offline_line/msg -Istd_msgs:/opt/ros/melodic/share/std_msgs/cmake/../msg -p xf_mic_asr_offline_line -o /home/rm/catkin_ws/devel/.private/xf_mic_asr_offline_line/lib/python2.7/dist-packages/xf_mic_asr_offline_line/srv
[ 79%] [34m[1mGenerating Python code from SRV xf_mic_asr_offline_line/Set_Major_Mic_srv[0m
catkin_generated/env_cached.sh /usr/bin/python2 /opt/ros/melodic/share/genpy/cmake/../../../lib/genpy/gensrv_py.py /home/rm/catkin_ws/src/xf_mic_asr_offline_line/srv/Set_Major_Mic_srv.srv -Ixf_mic_asr_offline_line:/home/rm/catkin_ws/src/xf_mic_asr_offline_line/msg -Istd_msgs:/opt/ros/melodic/share/std_msgs/cmake/../msg -p xf_mic_asr_offline_line -o /home/rm/catkin_ws/devel/.private/xf_mic_asr_offline_line/lib/python2.7/dist-packages/xf_mic_asr_offline_line/srv
[ 81%] [34m[1mGenerating Python msg __init__.py for xf_mic_asr_offline_line[0m
catkin_generated/env_cached.sh /usr/bin/python2 /opt/ros/melodic/share/genpy/cmake/../../../lib/genpy/genmsg_py.py -o /home/rm/catkin_ws/devel/.private/xf_mic_asr_offline_line/lib/python2.7/dist-packages/xf_mic_asr_offline_line/msg --initpy
[ 82%] [34m[1mGenerating Python srv __init__.py for xf_mic_asr_offline_line[0m
catkin_generated/env_cached.sh /usr/bin/python2 /opt/ros/melodic/share/genpy/cmake/../../../lib/genpy/genmsg_py.py -o /home/rm/catkin_ws/devel/.private/xf_mic_asr_offline_line/lib/python2.7/dist-packages/xf_mic_asr_offline_line/srv --initpy
make[2]: Leaving directory '/home/rm/catkin_ws/build/xf_mic_asr_offline_line'
[ 82%] Built target xf_mic_asr_offline_line_generate_messages_py
/usr/bin/make -f CMakeFiles/xf_mic_asr_offline_line_gencpp.dir/build.make CMakeFiles/xf_mic_asr_offline_line_gencpp.dir/depend
make[2]: Entering directory '/home/rm/catkin_ws/build/xf_mic_asr_offline_line'
cd /home/rm/catkin_ws/build/xf_mic_asr_offline_line && /usr/bin/cmake -E cmake_depends "Unix Makefiles" /home/rm/catkin_ws/src/xf_mic_asr_offline_line /home/rm/catkin_ws/src/xf_mic_asr_offline_line /home/rm/catkin_ws/build/xf_mic_asr_offline_line /home/rm/catkin_ws/build/xf_mic_asr_offline_line /home/rm/catkin_ws/build/xf_mic_asr_offline_line/CMakeFiles/xf_mic_asr_offline_line_gencpp.dir/DependInfo.cmake --color=
[35m[1mScanning dependencies of target xf_mic_asr_offline_line_gencpp[0m
make[2]: Leaving directory '/home/rm/catkin_ws/build/xf_mic_asr_offline_line'
/usr/bin/make -f CMakeFiles/xf_mic_asr_offline_line_gencpp.dir/build.make CMakeFiles/xf_mic_asr_offline_line_gencpp.dir/build
make[2]: Entering directory '/home/rm/catkin_ws/build/xf_mic_asr_offline_line'
make[2]: Nothing to be done for 'CMakeFiles/xf_mic_asr_offline_line_gencpp.dir/build'.
make[2]: Leaving directory '/home/rm/catkin_ws/build/xf_mic_asr_offline_line'
[ 82%] Built target xf_mic_asr_offline_line_gencpp
/usr/bin/make -f CMakeFiles/xf_mic_asr_offline_line_generate_messages.dir/build.make CMakeFiles/xf_mic_asr_offline_line_generate_messages.dir/depend
make[2]: Entering directory '/home/rm/catkin_ws/build/xf_mic_asr_offline_line'
cd /home/rm/catkin_ws/build/xf_mic_asr_offline_line && /usr/bin/cmake -E cmake_depends "Unix Makefiles" /home/rm/catkin_ws/src/xf_mic_asr_offline_line /home/rm/catkin_ws/src/xf_mic_asr_offline_line /home/rm/catkin_ws/build/xf_mic_asr_offline_line /home/rm/catkin_ws/build/xf_mic_asr_offline_line /home/rm/catkin_ws/build/xf_mic_asr_offline_line/CMakeFiles/xf_mic_asr_offline_line_generate_messages.dir/DependInfo.cmake --color=
[35m[1mScanning dependencies of target xf_mic_asr_offline_line_generate_messages[0m
make[2]: Leaving directory '/home/rm/catkin_ws/build/xf_mic_asr_offline_line'
/usr/bin/make -f CMakeFiles/xf_mic_asr_offline_line_generate_messages.dir/build.make CMakeFiles/xf_mic_asr_offline_line_generate_messages.dir/build
make[2]: Entering directory '/home/rm/catkin_ws/build/xf_mic_asr_offline_line'
make[2]: Nothing to be done for 'CMakeFiles/xf_mic_asr_offline_line_generate_messages.dir/build'.
make[2]: Leaving directory '/home/rm/catkin_ws/build/xf_mic_asr_offline_line'
[ 82%] Built target xf_mic_asr_offline_line_generate_messages
/usr/bin/make -f CMakeFiles/voice_control.dir/build.make CMakeFiles/voice_control.dir/depend
make[2]: Entering directory '/home/rm/catkin_ws/build/xf_mic_asr_offline_line'
cd /home/rm/catkin_ws/build/xf_mic_asr_offline_line && /usr/bin/cmake -E cmake_depends "Unix Makefiles" /home/rm/catkin_ws/src/xf_mic_asr_offline_line /home/rm/catkin_ws/src/xf_mic_asr_offline_line /home/rm/catkin_ws/build/xf_mic_asr_offline_line /home/rm/catkin_ws/build/xf_mic_asr_offline_line /home/rm/catkin_ws/build/xf_mic_asr_offline_line/CMakeFiles/voice_control.dir/DependInfo.cmake --color=
[35m[1mScanning dependencies of target voice_control[0m
make[2]: Leaving directory '/home/rm/catkin_ws/build/xf_mic_asr_offline_line'
/usr/bin/make -f CMakeFiles/voice_control.dir/build.make CMakeFiles/voice_control.dir/build
make[2]: Entering directory '/home/rm/catkin_ws/build/xf_mic_asr_offline_line'
[ 84%] [32mBuilding CXX object CMakeFiles/voice_control.dir/src/voice_control.cpp.o[0m
/usr/bin/c++  -DROSCONSOLE_BACKEND_LOG4CXX -DROS_BUILD_SHARED_LIBS=1 -DROS_PACKAGE_NAME=\"xf_mic_asr_offline_line\" -I/home/rm/catkin_ws/devel/.private/xf_mic_asr_offline_line/include -I/home/rm/catkin_ws/src/xf_mic_asr_offline_line/include -I/opt/ros/melodic/include -I/opt/ros/melodic/share/xmlrpcpp/cmake/../../../include/xmlrpcpp  -g    -std=c++11 -o CMakeFiles/voice_control.dir/src/voice_control.cpp.o -c /home/rm/catkin_ws/src/xf_mic_asr_offline_line/src/voice_control.cpp
[01m[K/home/rm/catkin_ws/src/xf_mic_asr_offline_line/src/voice_control.cpp:[m[K In function ‘[01m[Kbool Get_Offline_Recognise_Result(xf_mic_asr_offline_line::Get_Offline_Result_srv::Request&, xf_mic_asr_offline_line::Get_Offline_Result_srv::Response&)[m[K’:
[01m[K/home/rm/catkin_ws/src/xf_mic_asr_offline_line/src/voice_control.cpp:212:18:[m[K [01;35m[Kwarning: [m[KISO C++ forbids converting a string constant to ‘[01m[Kchar*[m[K’ [[01;35m[K-Wwrite-strings[m[K]
   whole_result = [01;35m[K""[m[K;
                  [01;35m[K^~[m[K
[ 86%] [32m[1mLinking CXX executable /home/rm/catkin_ws/devel/.private/xf_mic_asr_offline_line/lib/xf_mic_asr_offline_line/voice_control[0m
/usr/bin/cmake -E cmake_link_script CMakeFiles/voice_control.dir/link.txt --verbose=1
/usr/bin/c++    -g   -rdynamic CMakeFiles/voice_control.dir/src/voice_control.cpp.o  -o /home/rm/catkin_ws/devel/.private/xf_mic_asr_offline_line/lib/xf_mic_asr_offline_line/voice_control  -L/home/rm/catkin_ws/src/xf_mic_asr_offline_line/lib/arm64 -Wl,-rpath,/home/rm/catkin_ws/src/xf_mic_asr_offline_line/lib/arm64:/opt/ros/melodic/lib /opt/ros/melodic/lib/libtf.so /opt/ros/melodic/lib/libtf2_ros.so /opt/ros/melodic/lib/libactionlib.so /opt/ros/melodic/lib/libmessage_filters.so /opt/ros/melodic/lib/libroscpp.so -lboost_filesystem /opt/ros/melodic/lib/libxmlrpcpp.so /opt/ros/melodic/lib/libtf2.so /opt/ros/melodic/lib/libroscpp_serialization.so /opt/ros/melodic/lib/librosconsole.so /opt/ros/melodic/lib/librosconsole_log4cxx.so /opt/ros/melodic/lib/librosconsole_backend_interface.so -llog4cxx -lboost_regex /opt/ros/melodic/lib/librostime.so /opt/ros/melodic/lib/libcpp_common.so -lboost_system -lboost_thread -lboost_chrono -lboost_date_time -lboost_atomic -lpthread /usr/lib/aarch64-linux-gnu/libconsole_bridge.so.0.4 -loffline_record_lib -lrt -ldl -lpthread -lstdc++ 
make[2]: Leaving directory '/home/rm/catkin_ws/build/xf_mic_asr_offline_line'
[ 86%] Built target voice_control
/usr/bin/make -f CMakeFiles/call_recognition.dir/build.make CMakeFiles/call_recognition.dir/depend
make[2]: Entering directory '/home/rm/catkin_ws/build/xf_mic_asr_offline_line'
cd /home/rm/catkin_ws/build/xf_mic_asr_offline_line && /usr/bin/cmake -E cmake_depends "Unix Makefiles" /home/rm/catkin_ws/src/xf_mic_asr_offline_line /home/rm/catkin_ws/src/xf_mic_asr_offline_line /home/rm/catkin_ws/build/xf_mic_asr_offline_line /home/rm/catkin_ws/build/xf_mic_asr_offline_line /home/rm/catkin_ws/build/xf_mic_asr_offline_line/CMakeFiles/call_recognition.dir/DependInfo.cmake --color=
[35m[1mScanning dependencies of target call_recognition[0m
make[2]: Leaving directory '/home/rm/catkin_ws/build/xf_mic_asr_offline_line'
/usr/bin/make -f CMakeFiles/call_recognition.dir/build.make CMakeFiles/call_recognition.dir/build
make[2]: Entering directory '/home/rm/catkin_ws/build/xf_mic_asr_offline_line'
[ 87%] [32mBuilding CXX object CMakeFiles/call_recognition.dir/src/call_recognition.cpp.o[0m
/usr/bin/c++  -DROSCONSOLE_BACKEND_LOG4CXX -DROS_BUILD_SHARED_LIBS=1 -DROS_PACKAGE_NAME=\"xf_mic_asr_offline_line\" -I/home/rm/catkin_ws/devel/.private/xf_mic_asr_offline_line/include -I/home/rm/catkin_ws/src/xf_mic_asr_offline_line/include -I/opt/ros/melodic/include -I/opt/ros/melodic/share/xmlrpcpp/cmake/../../../include/xmlrpcpp  -g    -std=c++11 -o CMakeFiles/call_recognition.dir/src/call_recognition.cpp.o -c /home/rm/catkin_ws/src/xf_mic_asr_offline_line/src/call_recognition.cpp
/usr/bin/make -f CMakeFiles/wheeltec_mic.dir/build.make CMakeFiles/wheeltec_mic.dir/depend
make[2]: Entering directory '/home/rm/catkin_ws/build/xf_mic_asr_offline_line'
cd /home/rm/catkin_ws/build/xf_mic_asr_offline_line && /usr/bin/cmake -E cmake_depends "Unix Makefiles" /home/rm/catkin_ws/src/xf_mic_asr_offline_line /home/rm/catkin_ws/src/xf_mic_asr_offline_line /home/rm/catkin_ws/build/xf_mic_asr_offline_line /home/rm/catkin_ws/build/xf_mic_asr_offline_line /home/rm/catkin_ws/build/xf_mic_asr_offline_line/CMakeFiles/wheeltec_mic.dir/DependInfo.cmake --color=
[35m[1mScanning dependencies of target wheeltec_mic[0m
make[2]: Leaving directory '/home/rm/catkin_ws/build/xf_mic_asr_offline_line'
/usr/bin/make -f CMakeFiles/wheeltec_mic.dir/build.make CMakeFiles/wheeltec_mic.dir/build
make[2]: Entering directory '/home/rm/catkin_ws/build/xf_mic_asr_offline_line'
[ 89%] [32mBuilding CXX object CMakeFiles/wheeltec_mic.dir/src/wheeltec_mic.cpp.o[0m
/usr/bin/c++  -DROSCONSOLE_BACKEND_LOG4CXX -DROS_BUILD_SHARED_LIBS=1 -DROS_PACKAGE_NAME=\"xf_mic_asr_offline_line\" -I/home/rm/catkin_ws/devel/.private/xf_mic_asr_offline_line/include -I/home/rm/catkin_ws/src/xf_mic_asr_offline_line/include -I/opt/ros/melodic/include -I/opt/ros/melodic/share/xmlrpcpp/cmake/../../../include/xmlrpcpp  -g    -std=c++11 -o CMakeFiles/wheeltec_mic.dir/src/wheeltec_mic.cpp.o -c /home/rm/catkin_ws/src/xf_mic_asr_offline_line/src/wheeltec_mic.cpp
[ 91%] [32m[1mLinking CXX executable /home/rm/catkin_ws/devel/.private/xf_mic_asr_offline_line/lib/xf_mic_asr_offline_line/call_recognition[0m
/usr/bin/cmake -E cmake_link_script CMakeFiles/call_recognition.dir/link.txt --verbose=1
/usr/bin/c++    -g   -rdynamic CMakeFiles/call_recognition.dir/src/call_recognition.cpp.o  -o /home/rm/catkin_ws/devel/.private/xf_mic_asr_offline_line/lib/xf_mic_asr_offline_line/call_recognition  -L/home/rm/catkin_ws/src/xf_mic_asr_offline_line/lib/arm64 -Wl,-rpath,/home/rm/catkin_ws/src/xf_mic_asr_offline_line/lib/arm64:/opt/ros/melodic/lib /opt/ros/melodic/lib/libtf.so /opt/ros/melodic/lib/libtf2_ros.so /opt/ros/melodic/lib/libactionlib.so /opt/ros/melodic/lib/libmessage_filters.so /opt/ros/melodic/lib/libroscpp.so -lboost_filesystem /opt/ros/melodic/lib/libxmlrpcpp.so /opt/ros/melodic/lib/libtf2.so /opt/ros/melodic/lib/libroscpp_serialization.so /opt/ros/melodic/lib/librosconsole.so /opt/ros/melodic/lib/librosconsole_log4cxx.so /opt/ros/melodic/lib/librosconsole_backend_interface.so -llog4cxx -lboost_regex /opt/ros/melodic/lib/librostime.so /opt/ros/melodic/lib/libcpp_common.so -lboost_system -lboost_thread -lboost_chrono -lboost_date_time -lboost_atomic -lpthread /usr/lib/aarch64-linux-gnu/libconsole_bridge.so.0.4 
make[2]: Leaving directory '/home/rm/catkin_ws/build/xf_mic_asr_offline_line'
[ 91%] Built target call_recognition
/usr/bin/make -f CMakeFiles/node_feedback.dir/build.make CMakeFiles/node_feedback.dir/depend
make[2]: Entering directory '/home/rm/catkin_ws/build/xf_mic_asr_offline_line'
cd /home/rm/catkin_ws/build/xf_mic_asr_offline_line && /usr/bin/cmake -E cmake_depends "Unix Makefiles" /home/rm/catkin_ws/src/xf_mic_asr_offline_line /home/rm/catkin_ws/src/xf_mic_asr_offline_line /home/rm/catkin_ws/build/xf_mic_asr_offline_line /home/rm/catkin_ws/build/xf_mic_asr_offline_line /home/rm/catkin_ws/build/xf_mic_asr_offline_line/CMakeFiles/node_feedback.dir/DependInfo.cmake --color=
[35m[1mScanning dependencies of target node_feedback[0m
make[2]: Leaving directory '/home/rm/catkin_ws/build/xf_mic_asr_offline_line'
/usr/bin/make -f CMakeFiles/node_feedback.dir/build.make CMakeFiles/node_feedback.dir/build
make[2]: Entering directory '/home/rm/catkin_ws/build/xf_mic_asr_offline_line'
[ 93%] [32mBuilding CXX object CMakeFiles/node_feedback.dir/src/node_feedback.cpp.o[0m
/usr/bin/c++  -DROSCONSOLE_BACKEND_LOG4CXX -DROS_BUILD_SHARED_LIBS=1 -DROS_PACKAGE_NAME=\"xf_mic_asr_offline_line\" -I/home/rm/catkin_ws/devel/.private/xf_mic_asr_offline_line/include -I/home/rm/catkin_ws/src/xf_mic_asr_offline_line/include -I/opt/ros/melodic/include -I/opt/ros/melodic/share/xmlrpcpp/cmake/../../../include/xmlrpcpp  -g    -std=c++11 -o CMakeFiles/node_feedback.dir/src/node_feedback.cpp.o -c /home/rm/catkin_ws/src/xf_mic_asr_offline_line/src/node_feedback.cpp
[ 94%] [32m[1mLinking CXX executable /home/rm/catkin_ws/devel/.private/xf_mic_asr_offline_line/lib/xf_mic_asr_offline_line/wheeltec_mic[0m
/usr/bin/cmake -E cmake_link_script CMakeFiles/wheeltec_mic.dir/link.txt --verbose=1
/usr/bin/c++    -g   -rdynamic CMakeFiles/wheeltec_mic.dir/src/wheeltec_mic.cpp.o  -o /home/rm/catkin_ws/devel/.private/xf_mic_asr_offline_line/lib/xf_mic_asr_offline_line/wheeltec_mic  -L/home/rm/catkin_ws/src/xf_mic_asr_offline_line/lib/arm64 -Wl,-rpath,/home/rm/catkin_ws/src/xf_mic_asr_offline_line/lib/arm64:/opt/ros/melodic/lib /opt/ros/melodic/lib/libtf.so /opt/ros/melodic/lib/libtf2_ros.so /opt/ros/melodic/lib/libactionlib.so /opt/ros/melodic/lib/libmessage_filters.so /opt/ros/melodic/lib/libroscpp.so -lboost_filesystem /opt/ros/melodic/lib/libxmlrpcpp.so /opt/ros/melodic/lib/libtf2.so /opt/ros/melodic/lib/libroscpp_serialization.so /opt/ros/melodic/lib/librosconsole.so /opt/ros/melodic/lib/librosconsole_log4cxx.so /opt/ros/melodic/lib/librosconsole_backend_interface.so -llog4cxx -lboost_regex /opt/ros/melodic/lib/librostime.so /opt/ros/melodic/lib/libcpp_common.so -lboost_system -lboost_thread -lboost_chrono -lboost_date_time -lboost_atomic -lpthread /usr/lib/aarch64-linux-gnu/libconsole_bridge.so.0.4 -ljsoncpp 
make[2]: Leaving directory '/home/rm/catkin_ws/build/xf_mic_asr_offline_line'
[ 94%] Built target wheeltec_mic
/usr/bin/make -f CMakeFiles/command_recognition.dir/build.make CMakeFiles/command_recognition.dir/depend
make[2]: Entering directory '/home/rm/catkin_ws/build/xf_mic_asr_offline_line'
cd /home/rm/catkin_ws/build/xf_mic_asr_offline_line && /usr/bin/cmake -E cmake_depends "Unix Makefiles" /home/rm/catkin_ws/src/xf_mic_asr_offline_line /home/rm/catkin_ws/src/xf_mic_asr_offline_line /home/rm/catkin_ws/build/xf_mic_asr_offline_line /home/rm/catkin_ws/build/xf_mic_asr_offline_line /home/rm/catkin_ws/build/xf_mic_asr_offline_line/CMakeFiles/command_recognition.dir/DependInfo.cmake --color=
[35m[1mScanning dependencies of target command_recognition[0m
make[2]: Leaving directory '/home/rm/catkin_ws/build/xf_mic_asr_offline_line'
/usr/bin/make -f CMakeFiles/command_recognition.dir/build.make CMakeFiles/command_recognition.dir/build
make[2]: Entering directory '/home/rm/catkin_ws/build/xf_mic_asr_offline_line'
[ 96%] [32mBuilding CXX object CMakeFiles/command_recognition.dir/src/command_recognition.cpp.o[0m
/usr/bin/c++  -DROSCONSOLE_BACKEND_LOG4CXX -DROS_BUILD_SHARED_LIBS=1 -DROS_PACKAGE_NAME=\"xf_mic_asr_offline_line\" -I/home/rm/catkin_ws/devel/.private/xf_mic_asr_offline_line/include -I/home/rm/catkin_ws/src/xf_mic_asr_offline_line/include -I/opt/ros/melodic/include -I/opt/ros/melodic/share/xmlrpcpp/cmake/../../../include/xmlrpcpp  -g    -std=c++11 -o CMakeFiles/command_recognition.dir/src/command_recognition.cpp.o -c /home/rm/catkin_ws/src/xf_mic_asr_offline_line/src/command_recognition.cpp
[ 98%] [32m[1mLinking CXX executable /home/rm/catkin_ws/devel/.private/xf_mic_asr_offline_line/lib/xf_mic_asr_offline_line/node_feedback[0m
/usr/bin/cmake -E cmake_link_script CMakeFiles/node_feedback.dir/link.txt --verbose=1
/usr/bin/c++    -g   -rdynamic CMakeFiles/node_feedback.dir/src/node_feedback.cpp.o  -o /home/rm/catkin_ws/devel/.private/xf_mic_asr_offline_line/lib/xf_mic_asr_offline_line/node_feedback  -L/home/rm/catkin_ws/src/xf_mic_asr_offline_line/lib/arm64 -Wl,-rpath,/home/rm/catkin_ws/src/xf_mic_asr_offline_line/lib/arm64:/opt/ros/melodic/lib /opt/ros/melodic/lib/libtf.so /opt/ros/melodic/lib/libtf2_ros.so /opt/ros/melodic/lib/libactionlib.so /opt/ros/melodic/lib/libmessage_filters.so /opt/ros/melodic/lib/libroscpp.so -lboost_filesystem /opt/ros/melodic/lib/libxmlrpcpp.so /opt/ros/melodic/lib/libtf2.so /opt/ros/melodic/lib/libroscpp_serialization.so /opt/ros/melodic/lib/librosconsole.so /opt/ros/melodic/lib/librosconsole_log4cxx.so /opt/ros/melodic/lib/librosconsole_backend_interface.so -llog4cxx -lboost_regex /opt/ros/melodic/lib/librostime.so /opt/ros/melodic/lib/libcpp_common.so -lboost_system -lboost_thread -lboost_chrono -lboost_date_time -lboost_atomic -lpthread /usr/lib/aarch64-linux-gnu/libconsole_bridge.so.0.4 
make[2]: Leaving directory '/home/rm/catkin_ws/build/xf_mic_asr_offline_line'
[ 98%] Built target node_feedback
[100%] [32m[1mLinking CXX executable /home/rm/catkin_ws/devel/.private/xf_mic_asr_offline_line/lib/xf_mic_asr_offline_line/command_recognition[0m
/usr/bin/cmake -E cmake_link_script CMakeFiles/command_recognition.dir/link.txt --verbose=1
/usr/bin/c++    -g   -rdynamic CMakeFiles/command_recognition.dir/src/command_recognition.cpp.o  -o /home/rm/catkin_ws/devel/.private/xf_mic_asr_offline_line/lib/xf_mic_asr_offline_line/command_recognition  -L/home/rm/catkin_ws/src/xf_mic_asr_offline_line/lib/arm64 -Wl,-rpath,/home/rm/catkin_ws/src/xf_mic_asr_offline_line/lib/arm64:/opt/ros/melodic/lib /opt/ros/melodic/lib/libtf.so /opt/ros/melodic/lib/libtf2_ros.so /opt/ros/melodic/lib/libactionlib.so /opt/ros/melodic/lib/libmessage_filters.so /opt/ros/melodic/lib/libroscpp.so -lboost_filesystem /opt/ros/melodic/lib/libxmlrpcpp.so /opt/ros/melodic/lib/libtf2.so /opt/ros/melodic/lib/libroscpp_serialization.so /opt/ros/melodic/lib/librosconsole.so /opt/ros/melodic/lib/librosconsole_log4cxx.so /opt/ros/melodic/lib/librosconsole_backend_interface.so -llog4cxx -lboost_regex /opt/ros/melodic/lib/librostime.so /opt/ros/melodic/lib/libcpp_common.so -lboost_system -lboost_thread -lboost_chrono -lboost_date_time -lboost_atomic -lpthread /usr/lib/aarch64-linux-gnu/libconsole_bridge.so.0.4 
make[2]: Leaving directory '/home/rm/catkin_ws/build/xf_mic_asr_offline_line'
[100%] Built target command_recognition
make[1]: Leaving directory '/home/rm/catkin_ws/build/xf_mic_asr_offline_line'
/usr/bin/cmake -E cmake_progress_start /home/rm/catkin_ws/build/xf_mic_asr_offline_line/CMakeFiles 0
