Determining if the pthread_create exist failed with the following output:
Change Dir: /home/rm/catkin_ws/build/xf_mic_asr_offline_line/CMakeFiles/CMakeTmp

Run Build Command:"/usr/bin/make" "cmTC_937a5/fast"
/usr/bin/make -f CMakeFiles/cmTC_937a5.dir/build.make CMakeFiles/cmTC_937a5.dir/build
make[1]: Entering directory '/home/rm/catkin_ws/build/xf_mic_asr_offline_line/CMakeFiles/CMakeTmp'
Building C object CMakeFiles/cmTC_937a5.dir/CheckSymbolExists.c.o
/usr/bin/cc    -o CMakeFiles/cmTC_937a5.dir/CheckSymbolExists.c.o   -c /home/rm/catkin_ws/build/xf_mic_asr_offline_line/CMakeFiles/CMakeTmp/CheckSymbolExists.c
Linking C executable cmTC_937a5
/usr/bin/cmake -E cmake_link_script CMakeFiles/cmTC_937a5.dir/link.txt --verbose=1
/usr/bin/cc      -rdynamic CMakeFiles/cmTC_937a5.dir/CheckSymbolExists.c.o  -o cmTC_937a5 
CMakeFiles/cmTC_937a5.dir/CheckSymbolExists.c.o: In function `main':
CheckSymbolExists.c:(.text+0x14): undefined reference to `pthread_create'
CheckSymbolExists.c:(.text+0x18): undefined reference to `pthread_create'
collect2: error: ld returned 1 exit status
CMakeFiles/cmTC_937a5.dir/build.make:97: recipe for target 'cmTC_937a5' failed
make[1]: *** [cmTC_937a5] Error 1
make[1]: Leaving directory '/home/rm/catkin_ws/build/xf_mic_asr_offline_line/CMakeFiles/CMakeTmp'
Makefile:126: recipe for target 'cmTC_937a5/fast' failed
make: *** [cmTC_937a5/fast] Error 2

File /home/rm/catkin_ws/build/xf_mic_asr_offline_line/CMakeFiles/CMakeTmp/CheckSymbolExists.c:
/* */
#include <pthread.h>

int main(int argc, char** argv)
{
  (void)argv;
#ifndef pthread_create
  return ((int*)(&pthread_create))[argc];
#else
  (void)argc;
  return 0;
#endif
}

Determining if the function pthread_create exists in the pthreads failed with the following output:
Change Dir: /home/rm/catkin_ws/build/xf_mic_asr_offline_line/CMakeFiles/CMakeTmp

Run Build Command:"/usr/bin/make" "cmTC_b6967/fast"
/usr/bin/make -f CMakeFiles/cmTC_b6967.dir/build.make CMakeFiles/cmTC_b6967.dir/build
make[1]: Entering directory '/home/rm/catkin_ws/build/xf_mic_asr_offline_line/CMakeFiles/CMakeTmp'
Building C object CMakeFiles/cmTC_b6967.dir/CheckFunctionExists.c.o
/usr/bin/cc   -DCHECK_FUNCTION_EXISTS=pthread_create   -o CMakeFiles/cmTC_b6967.dir/CheckFunctionExists.c.o   -c /usr/share/cmake-3.10/Modules/CheckFunctionExists.c
Linking C executable cmTC_b6967
/usr/bin/cmake -E cmake_link_script CMakeFiles/cmTC_b6967.dir/link.txt --verbose=1
/usr/bin/cc  -DCHECK_FUNCTION_EXISTS=pthread_create    -rdynamic CMakeFiles/cmTC_b6967.dir/CheckFunctionExists.c.o  -o cmTC_b6967 -lpthreads 
/usr/bin/ld: cannot find -lpthreads
collect2: error: ld returned 1 exit status
CMakeFiles/cmTC_b6967.dir/build.make:97: recipe for target 'cmTC_b6967' failed
make[1]: *** [cmTC_b6967] Error 1
make[1]: Leaving directory '/home/rm/catkin_ws/build/xf_mic_asr_offline_line/CMakeFiles/CMakeTmp'
Makefile:126: recipe for target 'cmTC_b6967/fast' failed
make: *** [cmTC_b6967/fast] Error 2


