Determining if the pthread_create exist failed with the following output:
Change Dir: /home/rm/catkin_ws/build/dual_arm_demo/CMakeFiles/CMakeTmp

Run Build Command:"/usr/bin/make" "cmTC_7b5cc/fast"
/usr/bin/make -f CMakeFiles/cmTC_7b5cc.dir/build.make CMakeFiles/cmTC_7b5cc.dir/build
make[1]: Entering directory '/home/rm/catkin_ws/build/dual_arm_demo/CMakeFiles/CMakeTmp'
Building C object CMakeFiles/cmTC_7b5cc.dir/CheckSymbolExists.c.o
/usr/bin/cc    -o CMakeFiles/cmTC_7b5cc.dir/CheckSymbolExists.c.o   -c /home/rm/catkin_ws/build/dual_arm_demo/CMakeFiles/CMakeTmp/CheckSymbolExists.c
Linking C executable cmTC_7b5cc
/usr/bin/cmake -E cmake_link_script CMakeFiles/cmTC_7b5cc.dir/link.txt --verbose=1
/usr/bin/cc      -rdynamic CMakeFiles/cmTC_7b5cc.dir/CheckSymbolExists.c.o  -o cmTC_7b5cc 
CMakeFiles/cmTC_7b5cc.dir/CheckSymbolExists.c.o: In function `main':
CheckSymbolExists.c:(.text+0x14): undefined reference to `pthread_create'
CheckSymbolExists.c:(.text+0x18): undefined reference to `pthread_create'
collect2: error: ld returned 1 exit status
CMakeFiles/cmTC_7b5cc.dir/build.make:97: recipe for target 'cmTC_7b5cc' failed
make[1]: *** [cmTC_7b5cc] Error 1
make[1]: Leaving directory '/home/rm/catkin_ws/build/dual_arm_demo/CMakeFiles/CMakeTmp'
Makefile:126: recipe for target 'cmTC_7b5cc/fast' failed
make: *** [cmTC_7b5cc/fast] Error 2

File /home/rm/catkin_ws/build/dual_arm_demo/CMakeFiles/CMakeTmp/CheckSymbolExists.c:
/* */
#include <pthread.h>

int main(int argc, char** argv)
{
  (void)argv;
#ifndef pthread_create
  return ((int*)(&pthread_create))[argc];
#else
  (void)argc;
  return 0;
#endif
}

Determining if the function pthread_create exists in the pthreads failed with the following output:
Change Dir: /home/rm/catkin_ws/build/dual_arm_demo/CMakeFiles/CMakeTmp

Run Build Command:"/usr/bin/make" "cmTC_dd4d9/fast"
/usr/bin/make -f CMakeFiles/cmTC_dd4d9.dir/build.make CMakeFiles/cmTC_dd4d9.dir/build
make[1]: Entering directory '/home/rm/catkin_ws/build/dual_arm_demo/CMakeFiles/CMakeTmp'
Building C object CMakeFiles/cmTC_dd4d9.dir/CheckFunctionExists.c.o
/usr/bin/cc   -DCHECK_FUNCTION_EXISTS=pthread_create   -o CMakeFiles/cmTC_dd4d9.dir/CheckFunctionExists.c.o   -c /usr/share/cmake-3.10/Modules/CheckFunctionExists.c
Linking C executable cmTC_dd4d9
/usr/bin/cmake -E cmake_link_script CMakeFiles/cmTC_dd4d9.dir/link.txt --verbose=1
/usr/bin/cc  -DCHECK_FUNCTION_EXISTS=pthread_create    -rdynamic CMakeFiles/cmTC_dd4d9.dir/CheckFunctionExists.c.o  -o cmTC_dd4d9 -lpthreads 
/usr/bin/ld: cannot find -lpthreads
collect2: error: ld returned 1 exit status
CMakeFiles/cmTC_dd4d9.dir/build.make:97: recipe for target 'cmTC_dd4d9' failed
make[1]: *** [cmTC_dd4d9] Error 1
make[1]: Leaving directory '/home/rm/catkin_ws/build/dual_arm_demo/CMakeFiles/CMakeTmp'
Makefile:126: recipe for target 'cmTC_dd4d9/fast' failed
make: *** [cmTC_dd4d9/fast] Error 2


