Determining if the pthread_create exist failed with the following output:
Change Dir: /home/rm/catkin_ws/build/rm_75_driver/CMakeFiles/CMakeTmp

Run Build Command:"/usr/bin/make" "cmTC_c5baa/fast"
/usr/bin/make -f CMakeFiles/cmTC_c5baa.dir/build.make CMakeFiles/cmTC_c5baa.dir/build
make[1]: Entering directory '/home/rm/catkin_ws/build/rm_75_driver/CMakeFiles/CMakeTmp'
Building C object CMakeFiles/cmTC_c5baa.dir/CheckSymbolExists.c.o
/usr/bin/cc    -o CMakeFiles/cmTC_c5baa.dir/CheckSymbolExists.c.o   -c /home/rm/catkin_ws/build/rm_75_driver/CMakeFiles/CMakeTmp/CheckSymbolExists.c
Linking C executable cmTC_c5baa
/usr/bin/cmake -E cmake_link_script CMakeFiles/cmTC_c5baa.dir/link.txt --verbose=1
/usr/bin/cc      -rdynamic CMakeFiles/cmTC_c5baa.dir/CheckSymbolExists.c.o  -o cmTC_c5baa 
CMakeFiles/cmTC_c5baa.dir/CheckSymbolExists.c.o: In function `main':
CheckSymbolExists.c:(.text+0x14): undefined reference to `pthread_create'
CheckSymbolExists.c:(.text+0x18): undefined reference to `pthread_create'
collect2: error: ld returned 1 exit status
CMakeFiles/cmTC_c5baa.dir/build.make:97: recipe for target 'cmTC_c5baa' failed
make[1]: *** [cmTC_c5baa] Error 1
make[1]: Leaving directory '/home/rm/catkin_ws/build/rm_75_driver/CMakeFiles/CMakeTmp'
Makefile:126: recipe for target 'cmTC_c5baa/fast' failed
make: *** [cmTC_c5baa/fast] Error 2

File /home/rm/catkin_ws/build/rm_75_driver/CMakeFiles/CMakeTmp/CheckSymbolExists.c:
/* */
#include <pthread.h>

int main(int argc, char** argv)
{
  (void)argv;
#ifndef pthread_create
  return ((int*)(&pthread_create))[argc];
#else
  (void)argc;
  return 0;
#endif
}

Determining if the function pthread_create exists in the pthreads failed with the following output:
Change Dir: /home/rm/catkin_ws/build/rm_75_driver/CMakeFiles/CMakeTmp

Run Build Command:"/usr/bin/make" "cmTC_ec78c/fast"
/usr/bin/make -f CMakeFiles/cmTC_ec78c.dir/build.make CMakeFiles/cmTC_ec78c.dir/build
make[1]: Entering directory '/home/rm/catkin_ws/build/rm_75_driver/CMakeFiles/CMakeTmp'
Building C object CMakeFiles/cmTC_ec78c.dir/CheckFunctionExists.c.o
/usr/bin/cc   -DCHECK_FUNCTION_EXISTS=pthread_create   -o CMakeFiles/cmTC_ec78c.dir/CheckFunctionExists.c.o   -c /usr/share/cmake-3.10/Modules/CheckFunctionExists.c
Linking C executable cmTC_ec78c
/usr/bin/cmake -E cmake_link_script CMakeFiles/cmTC_ec78c.dir/link.txt --verbose=1
/usr/bin/cc  -DCHECK_FUNCTION_EXISTS=pthread_create    -rdynamic CMakeFiles/cmTC_ec78c.dir/CheckFunctionExists.c.o  -o cmTC_ec78c -lpthreads 
/usr/bin/ld: cannot find -lpthreads
collect2: error: ld returned 1 exit status
CMakeFiles/cmTC_ec78c.dir/build.make:97: recipe for target 'cmTC_ec78c' failed
make[1]: *** [cmTC_ec78c] Error 1
make[1]: Leaving directory '/home/rm/catkin_ws/build/rm_75_driver/CMakeFiles/CMakeTmp'
Makefile:126: recipe for target 'cmTC_ec78c/fast' failed
make: *** [cmTC_ec78c/fast] Error 2


