[35m[1mScanning dependencies of target _rm_75_msgs_generate_messages_check_deps_Arm_Digital_Output[0m
[  0%] Built target _rm_75_msgs_generate_messages_check_deps_Arm_Digital_Output
[35m[1mScanning dependencies of target _rm_75_msgs_generate_messages_check_deps_MoveL[0m
[  0%] Built target _rm_75_msgs_generate_messages_check_deps_MoveL
[35m[1mScanning dependencies of target _rm_75_msgs_generate_messages_check_deps_Plan_State[0m
[  0%] Built target _rm_75_msgs_generate_messages_check_deps_Plan_State
[35m[1mScanning dependencies of target _rm_75_msgs_generate_messages_check_deps_Hand_Force[0m
[  0%] Built target _rm_75_msgs_generate_messages_check_deps_Hand_Force
[35m[1mScanning dependencies of target _rm_75_msgs_generate_messages_check_deps_MoveC[0m
[  0%] Built target _rm_75_msgs_generate_messages_check_deps_MoveC
[35m[1mScanning dependencies of target _rm_75_msgs_generate_messages_check_deps_Lift_Height[0m
[  0%] Built target _rm_75_msgs_generate_messages_check_deps_Lift_Height
[35m[1mScanning dependencies of target _rm_75_msgs_generate_messages_check_deps_Joint_Enable[0m
[  0%] Built target _rm_75_msgs_generate_messages_check_deps_Joint_Enable
[35m[1mScanning dependencies of target _rm_75_msgs_generate_messages_check_deps_Stop_Teach[0m
[  0%] Built target _rm_75_msgs_generate_messages_check_deps_Stop_Teach
[35m[1mScanning dependencies of target _rm_75_msgs_generate_messages_check_deps_Hand_Angle[0m
[35m[1mScanning dependencies of target _rm_75_msgs_generate_messages_check_deps_Hand_Posture[0m
[  0%] Built target _rm_75_msgs_generate_messages_check_deps_Hand_Angle
[35m[1mScanning dependencies of target _rm_75_msgs_generate_messages_check_deps_Joint_Teach[0m
[  0%] Built target _rm_75_msgs_generate_messages_check_deps_Hand_Posture
[35m[1mScanning dependencies of target _rm_75_msgs_generate_messages_check_deps_Arm_Analog_Output[0m
[  0%] Built target _rm_75_msgs_generate_messages_check_deps_Joint_Teach
[35m[1mScanning dependencies of target _rm_75_msgs_generate_messages_check_deps_Tool_Analog_Output[0m
[  0%] Built target _rm_75_msgs_generate_messages_check_deps_Arm_Analog_Output
[35m[1mScanning dependencies of target std_msgs_generate_messages_nodejs[0m
[  0%] Built target std_msgs_generate_messages_nodejs
[35m[1mScanning dependencies of target _rm_75_msgs_generate_messages_check_deps_IO_Update[0m
[  0%] Built target _rm_75_msgs_generate_messages_check_deps_Tool_Analog_Output
[35m[1mScanning dependencies of target _rm_75_msgs_generate_messages_check_deps_Turtle_Driver[0m
[  0%] Built target _rm_75_msgs_generate_messages_check_deps_IO_Update
[35m[1mScanning dependencies of target _rm_75_msgs_generate_messages_check_deps_Arm_IO_State[0m
[  0%] Built target _rm_75_msgs_generate_messages_check_deps_Turtle_Driver
[35m[1mScanning dependencies of target _rm_75_msgs_generate_messages_check_deps_Stop[0m
[  0%] Built target _rm_75_msgs_generate_messages_check_deps_Arm_IO_State
[35m[1mScanning dependencies of target _rm_75_msgs_generate_messages_check_deps_Gripper_Pick[0m
[  0%] Built target _rm_75_msgs_generate_messages_check_deps_Stop
[35m[1mScanning dependencies of target geometry_msgs_generate_messages_nodejs[0m
[  0%] Built target geometry_msgs_generate_messages_nodejs
[  0%] Built target _rm_75_msgs_generate_messages_check_deps_Gripper_Pick
[35m[1mScanning dependencies of target _rm_75_msgs_generate_messages_check_deps_MoveJ[0m
[35m[1mScanning dependencies of target _rm_75_msgs_generate_messages_check_deps_JointPos[0m
[  0%] Built target _rm_75_msgs_generate_messages_check_deps_JointPos
[  0%] Built target _rm_75_msgs_generate_messages_check_deps_MoveJ
[35m[1mScanning dependencies of target _rm_75_msgs_generate_messages_check_deps_Tool_Digital_Output[0m
[35m[1mScanning dependencies of target _rm_75_msgs_generate_messages_check_deps_Pos_Teach[0m
[  0%] Built target _rm_75_msgs_generate_messages_check_deps_Tool_Digital_Output
[  0%] Built target _rm_75_msgs_generate_messages_check_deps_Pos_Teach
[35m[1mScanning dependencies of target _rm_75_msgs_generate_messages_check_deps_Hand_Seq[0m
[35m[1mScanning dependencies of target _rm_75_msgs_generate_messages_check_deps_Tool_IO_State[0m
[  0%] Built target _rm_75_msgs_generate_messages_check_deps_Hand_Seq
[  0%] Built target _rm_75_msgs_generate_messages_check_deps_Tool_IO_State
[35m[1mScanning dependencies of target _rm_75_msgs_generate_messages_check_deps_Hand_Speed[0m
[35m[1mScanning dependencies of target _rm_75_msgs_generate_messages_check_deps_Lift_Speed[0m
[  0%] Built target _rm_75_msgs_generate_messages_check_deps_Hand_Speed
[  0%] Built target _rm_75_msgs_generate_messages_check_deps_Lift_Speed
[35m[1mScanning dependencies of target _rm_75_msgs_generate_messages_check_deps_Gripper_Set[0m
[35m[1mScanning dependencies of target std_msgs_generate_messages_py[0m
[  0%] Built target std_msgs_generate_messages_py
[35m[1mScanning dependencies of target geometry_msgs_generate_messages_py[0m
[  0%] Built target geometry_msgs_generate_messages_py
[  0%] Built target _rm_75_msgs_generate_messages_check_deps_Gripper_Set
[35m[1mScanning dependencies of target geometry_msgs_generate_messages_cpp[0m
[35m[1mScanning dependencies of target std_msgs_generate_messages_cpp[0m
[  0%] Built target geometry_msgs_generate_messages_cpp
[  0%] Built target std_msgs_generate_messages_cpp
[35m[1mScanning dependencies of target std_msgs_generate_messages_eus[0m
[  0%] Built target std_msgs_generate_messages_eus
[35m[1mScanning dependencies of target geometry_msgs_generate_messages_eus[0m
[  0%] Built target geometry_msgs_generate_messages_eus
[35m[1mScanning dependencies of target std_msgs_generate_messages_lisp[0m
[35m[1mScanning dependencies of target geometry_msgs_generate_messages_lisp[0m
[  0%] Built target std_msgs_generate_messages_lisp
[  0%] Built target geometry_msgs_generate_messages_lisp
[35m[1mScanning dependencies of target rm_75_msgs_generate_messages_nodejs[0m
[35m[1mScanning dependencies of target rm_75_msgs_generate_messages_py[0m
[  1%] [34m[1mGenerating Javascript code from rm_75_msgs/Hand_Seq.msg[0m
[  1%] [34m[1mGenerating Python from MSG rm_75_msgs/Hand_Seq[0m
[  2%] [34m[1mGenerating Javascript code from rm_75_msgs/Hand_Speed.msg[0m
[  2%] [34m[1mGenerating Javascript code from rm_75_msgs/JointPos.msg[0m
[  3%] [34m[1mGenerating Python from MSG rm_75_msgs/Hand_Speed[0m
[  4%] [34m[1mGenerating Javascript code from rm_75_msgs/Lift_Speed.msg[0m
[  5%] [34m[1mGenerating Javascript code from rm_75_msgs/IO_Update.msg[0m
[  6%] [34m[1mGenerating Python from MSG rm_75_msgs/JointPos[0m
[  6%] [34m[1mGenerating Javascript code from rm_75_msgs/Gripper_Pick.msg[0m
[  7%] [34m[1mGenerating Javascript code from rm_75_msgs/Turtle_Driver.msg[0m
[  8%] [34m[1mGenerating Javascript code from rm_75_msgs/Arm_Digital_Output.msg[0m
[  8%] [34m[1mGenerating Python from MSG rm_75_msgs/Lift_Speed[0m
[  8%] [34m[1mGenerating Javascript code from rm_75_msgs/MoveJ.msg[0m
[  9%] [34m[1mGenerating Javascript code from rm_75_msgs/Tool_Analog_Output.msg[0m
[ 10%] [34m[1mGenerating Javascript code from rm_75_msgs/Tool_Digital_Output.msg[0m
[ 11%] [34m[1mGenerating Python from MSG rm_75_msgs/IO_Update[0m
[ 11%] [34m[1mGenerating Javascript code from rm_75_msgs/Arm_Analog_Output.msg[0m
[ 12%] [34m[1mGenerating Javascript code from rm_75_msgs/Joint_Teach.msg[0m
[ 13%] [34m[1mGenerating Javascript code from rm_75_msgs/Hand_Posture.msg[0m
[ 15%] [34m[1mGenerating Python from MSG rm_75_msgs/Gripper_Pick[0m
[ 15%] [34m[1mGenerating Javascript code from rm_75_msgs/Tool_IO_State.msg[0m
[ 16%] [34m[1mGenerating Javascript code from rm_75_msgs/Pos_Teach.msg[0m
[ 16%] [34m[1mGenerating Python from MSG rm_75_msgs/Turtle_Driver[0m
[ 17%] [34m[1mGenerating Javascript code from rm_75_msgs/Stop_Teach.msg[0m
[ 18%] [34m[1mGenerating Javascript code from rm_75_msgs/Gripper_Set.msg[0m
[ 18%] [34m[1mGenerating Javascript code from rm_75_msgs/Hand_Angle.msg[0m
[ 19%] [34m[1mGenerating Python from MSG rm_75_msgs/Arm_Digital_Output[0m
[ 20%] [34m[1mGenerating Javascript code from rm_75_msgs/Joint_Enable.msg[0m
[ 21%] [34m[1mGenerating Javascript code from rm_75_msgs/Lift_Height.msg[0m
[ 22%] [34m[1mGenerating Python from MSG rm_75_msgs/MoveJ[0m
[ 22%] [34m[1mGenerating Javascript code from rm_75_msgs/Stop.msg[0m
[ 23%] [34m[1mGenerating Javascript code from rm_75_msgs/MoveC.msg[0m
[ 24%] [34m[1mGenerating Javascript code from rm_75_msgs/Hand_Force.msg[0m
[ 24%] [34m[1mGenerating Python from MSG rm_75_msgs/Tool_Analog_Output[0m
[ 24%] [34m[1mGenerating Javascript code from rm_75_msgs/Plan_State.msg[0m
[ 25%] [34m[1mGenerating Javascript code from rm_75_msgs/Arm_IO_State.msg[0m
[ 26%] [34m[1mGenerating Javascript code from rm_75_msgs/MoveL.msg[0m
[ 27%] [34m[1mGenerating Python from MSG rm_75_msgs/Tool_Digital_Output[0m
[ 27%] Built target rm_75_msgs_generate_messages_nodejs
[35m[1mScanning dependencies of target rm_75_msgs_generate_messages_cpp[0m
[ 29%] [34m[1mGenerating C++ code from rm_75_msgs/Hand_Seq.msg[0m
[ 30%] [34m[1mGenerating Python from MSG rm_75_msgs/Arm_Analog_Output[0m
[ 30%] [34m[1mGenerating C++ code from rm_75_msgs/Hand_Speed.msg[0m
[ 30%] [34m[1mGenerating Python from MSG rm_75_msgs/Joint_Teach[0m
[ 31%] [34m[1mGenerating C++ code from rm_75_msgs/JointPos.msg[0m
[ 32%] [34m[1mGenerating Python from MSG rm_75_msgs/Hand_Posture[0m
[ 33%] [34m[1mGenerating C++ code from rm_75_msgs/Lift_Speed.msg[0m
[ 34%] [34m[1mGenerating Python from MSG rm_75_msgs/Tool_IO_State[0m
[ 34%] [34m[1mGenerating C++ code from rm_75_msgs/IO_Update.msg[0m
[ 34%] [34m[1mGenerating Python from MSG rm_75_msgs/Pos_Teach[0m
[ 35%] [34m[1mGenerating Python from MSG rm_75_msgs/Stop_Teach[0m
[ 36%] [34m[1mGenerating C++ code from rm_75_msgs/Gripper_Pick.msg[0m
[ 37%] [34m[1mGenerating C++ code from rm_75_msgs/Turtle_Driver.msg[0m
[ 38%] [34m[1mGenerating Python from MSG rm_75_msgs/Gripper_Set[0m
[35m[1mScanning dependencies of target rm_75_msgs_generate_messages_eus[0m
[ 39%] [34m[1mGenerating EusLisp code from rm_75_msgs/Hand_Seq.msg[0m
[ 39%] [34m[1mGenerating C++ code from rm_75_msgs/Arm_Digital_Output.msg[0m
[ 39%] [34m[1mGenerating Python from MSG rm_75_msgs/Hand_Angle[0m
[ 40%] [34m[1mGenerating EusLisp code from rm_75_msgs/Hand_Speed.msg[0m
[ 40%] [34m[1mGenerating EusLisp code from rm_75_msgs/JointPos.msg[0m
[ 41%] [34m[1mGenerating C++ code from rm_75_msgs/MoveJ.msg[0m
[ 43%] [34m[1mGenerating Python from MSG rm_75_msgs/Joint_Enable[0m
[ 44%] [34m[1mGenerating Python from MSG rm_75_msgs/Lift_Height[0m
[ 45%] [34m[1mGenerating EusLisp code from rm_75_msgs/Lift_Speed.msg[0m
[ 46%] [34m[1mGenerating EusLisp code from rm_75_msgs/IO_Update.msg[0m
[ 46%] [34m[1mGenerating EusLisp code from rm_75_msgs/Gripper_Pick.msg[0m
[ 47%] [34m[1mGenerating C++ code from rm_75_msgs/Tool_Analog_Output.msg[0m
[ 47%] [34m[1mGenerating Python from MSG rm_75_msgs/Stop[0m
[ 48%] [34m[1mGenerating EusLisp code from rm_75_msgs/Turtle_Driver.msg[0m
[ 49%] [34m[1mGenerating Python from MSG rm_75_msgs/MoveC[0m
[ 49%] [34m[1mGenerating C++ code from rm_75_msgs/Tool_Digital_Output.msg[0m
[ 50%] [34m[1mGenerating EusLisp code from rm_75_msgs/Arm_Digital_Output.msg[0m
[ 51%] [34m[1mGenerating Python from MSG rm_75_msgs/Hand_Force[0m
[ 51%] [34m[1mGenerating Python from MSG rm_75_msgs/Plan_State[0m
[ 51%] [34m[1mGenerating EusLisp code from rm_75_msgs/MoveJ.msg[0m
[ 52%] [34m[1mGenerating C++ code from rm_75_msgs/Arm_Analog_Output.msg[0m
[ 53%] [34m[1mGenerating EusLisp code from rm_75_msgs/Tool_Analog_Output.msg[0m
[ 54%] [34m[1mGenerating EusLisp code from rm_75_msgs/Tool_Digital_Output.msg[0m
[ 55%] [34m[1mGenerating Python from MSG rm_75_msgs/Arm_IO_State[0m
[ 56%] [34m[1mGenerating Python from MSG rm_75_msgs/MoveL[0m
[ 56%] [34m[1mGenerating EusLisp code from rm_75_msgs/Arm_Analog_Output.msg[0m
[ 58%] [34m[1mGenerating C++ code from rm_75_msgs/Joint_Teach.msg[0m
[ 58%] [34m[1mGenerating C++ code from rm_75_msgs/Hand_Posture.msg[0m
[ 59%] [34m[1mGenerating EusLisp code from rm_75_msgs/Joint_Teach.msg[0m
[ 60%] [34m[1mGenerating Python msg __init__.py for rm_75_msgs[0m
[ 61%] [34m[1mGenerating EusLisp code from rm_75_msgs/Hand_Posture.msg[0m
[ 62%] [34m[1mGenerating C++ code from rm_75_msgs/Tool_IO_State.msg[0m
[ 63%] [34m[1mGenerating C++ code from rm_75_msgs/Pos_Teach.msg[0m
[ 63%] [34m[1mGenerating EusLisp code from rm_75_msgs/Tool_IO_State.msg[0m
[ 63%] Built target rm_75_msgs_generate_messages_py
[ 63%] [34m[1mGenerating C++ code from rm_75_msgs/Stop_Teach.msg[0m
[ 64%] [34m[1mGenerating C++ code from rm_75_msgs/Gripper_Set.msg[0m
[ 65%] [34m[1mGenerating EusLisp code from rm_75_msgs/Pos_Teach.msg[0m
[ 66%] [34m[1mGenerating C++ code from rm_75_msgs/Hand_Angle.msg[0m
[ 67%] [34m[1mGenerating EusLisp code from rm_75_msgs/Stop_Teach.msg[0m
[35m[1mScanning dependencies of target rm_75_msgs_generate_messages_lisp[0m
[ 68%] [34m[1mGenerating Lisp code from rm_75_msgs/Hand_Seq.msg[0m
[ 68%] [34m[1mGenerating Lisp code from rm_75_msgs/Hand_Speed.msg[0m
[ 69%] [34m[1mGenerating Lisp code from rm_75_msgs/JointPos.msg[0m
[ 69%] [34m[1mGenerating EusLisp code from rm_75_msgs/Gripper_Set.msg[0m
[ 69%] [34m[1mGenerating C++ code from rm_75_msgs/Joint_Enable.msg[0m
[ 70%] [34m[1mGenerating EusLisp code from rm_75_msgs/Hand_Angle.msg[0m
[ 72%] [34m[1mGenerating Lisp code from rm_75_msgs/Lift_Speed.msg[0m
[ 73%] [34m[1mGenerating EusLisp code from rm_75_msgs/Joint_Enable.msg[0m
[ 73%] [34m[1mGenerating Lisp code from rm_75_msgs/IO_Update.msg[0m
[ 74%] [34m[1mGenerating Lisp code from rm_75_msgs/Gripper_Pick.msg[0m
[ 75%] [34m[1mGenerating C++ code from rm_75_msgs/Lift_Height.msg[0m
[ 75%] [34m[1mGenerating EusLisp code from rm_75_msgs/Lift_Height.msg[0m
[ 76%] [34m[1mGenerating Lisp code from rm_75_msgs/Turtle_Driver.msg[0m
[ 77%] [34m[1mGenerating EusLisp code from rm_75_msgs/Stop.msg[0m
[ 78%] [34m[1mGenerating Lisp code from rm_75_msgs/Arm_Digital_Output.msg[0m
[ 79%] [34m[1mGenerating C++ code from rm_75_msgs/Stop.msg[0m
[ 79%] [34m[1mGenerating Lisp code from rm_75_msgs/MoveJ.msg[0m
[ 80%] [34m[1mGenerating EusLisp code from rm_75_msgs/MoveC.msg[0m
[ 81%] [34m[1mGenerating Lisp code from rm_75_msgs/Tool_Analog_Output.msg[0m
[ 81%] [34m[1mGenerating EusLisp code from rm_75_msgs/Hand_Force.msg[0m
[ 82%] [34m[1mGenerating Lisp code from rm_75_msgs/Tool_Digital_Output.msg[0m
[ 82%] [34m[1mGenerating C++ code from rm_75_msgs/MoveC.msg[0m
[ 82%] [34m[1mGenerating Lisp code from rm_75_msgs/Arm_Analog_Output.msg[0m
[ 83%] [34m[1mGenerating EusLisp code from rm_75_msgs/Plan_State.msg[0m
[ 84%] [34m[1mGenerating Lisp code from rm_75_msgs/Joint_Teach.msg[0m
[ 86%] [34m[1mGenerating C++ code from rm_75_msgs/Hand_Force.msg[0m
[ 87%] [34m[1mGenerating EusLisp code from rm_75_msgs/Arm_IO_State.msg[0m
[ 88%] [34m[1mGenerating Lisp code from rm_75_msgs/Hand_Posture.msg[0m
[ 88%] [34m[1mGenerating Lisp code from rm_75_msgs/Tool_IO_State.msg[0m
[ 88%] [34m[1mGenerating EusLisp code from rm_75_msgs/MoveL.msg[0m
[ 89%] [34m[1mGenerating Lisp code from rm_75_msgs/Pos_Teach.msg[0m
[ 90%] [34m[1mGenerating C++ code from rm_75_msgs/Plan_State.msg[0m
[ 91%] [34m[1mGenerating EusLisp manifest code for rm_75_msgs[0m
[ 92%] [34m[1mGenerating Lisp code from rm_75_msgs/Stop_Teach.msg[0m
[ 92%] [34m[1mGenerating Lisp code from rm_75_msgs/Gripper_Set.msg[0m
[ 93%] [34m[1mGenerating C++ code from rm_75_msgs/Arm_IO_State.msg[0m
[ 94%] [34m[1mGenerating Lisp code from rm_75_msgs/Hand_Angle.msg[0m
[ 95%] [34m[1mGenerating Lisp code from rm_75_msgs/Joint_Enable.msg[0m
[ 95%] [34m[1mGenerating Lisp code from rm_75_msgs/Lift_Height.msg[0m
[ 95%] [34m[1mGenerating C++ code from rm_75_msgs/MoveL.msg[0m
[ 96%] [34m[1mGenerating Lisp code from rm_75_msgs/Stop.msg[0m
[ 97%] [34m[1mGenerating Lisp code from rm_75_msgs/MoveC.msg[0m
[ 97%] Built target rm_75_msgs_generate_messages_cpp
[ 97%] [34m[1mGenerating Lisp code from rm_75_msgs/Hand_Force.msg[0m
[ 98%] [34m[1mGenerating Lisp code from rm_75_msgs/Plan_State.msg[0m
[100%] [34m[1mGenerating Lisp code from rm_75_msgs/Arm_IO_State.msg[0m
[100%] [34m[1mGenerating Lisp code from rm_75_msgs/MoveL.msg[0m
[100%] Built target rm_75_msgs_generate_messages_lisp
[100%] Built target rm_75_msgs_generate_messages_eus
[35m[1mScanning dependencies of target rm_75_msgs_generate_messages[0m
[100%] Built target rm_75_msgs_generate_messages
