[35m[1mScanning dependencies of target aruco_ros_gencfg[0m
[  8%] [34m[1mGenerating dynamic reconfigure files from cfg/ArucoThreshold.cfg: /home/rm/catkin_ws/devel/.private/aruco_ros/include/aruco_ros/ArucoThresholdConfig.h /home/rm/catkin_ws/devel/.private/aruco_ros/lib/python2.7/dist-packages/aruco_ros/cfg/ArucoThresholdConfig.py[0m
Generating reconfiguration files for ArucoThreshold in aruco_ros
Wrote header file in /home/rm/catkin_ws/devel/.private/aruco_ros/include/aruco_ros/ArucoThresholdConfig.h
[  8%] Built target aruco_ros_gencfg
[35m[1mScanning dependencies of target aruco_ros_utils[0m
[ 16%] [32mBuilding CXX object CMakeFiles/aruco_ros_utils.dir/src/aruco_ros_utils.cpp.o[0m
[ 25%] [32m[1mLinking CXX shared library /home/rm/catkin_ws/devel/.private/aruco_ros/lib/libaruco_ros_utils.so[0m
[ 25%] Built target aruco_ros_utils
[35m[1mScanning dependencies of target single[0m
[35m[1mScanning dependencies of target double[0m
[ 33%] [32mBuilding CXX object CMakeFiles/single.dir/src/simple_single.cpp.o[0m
[ 41%] [32mBuilding CXX object CMakeFiles/double.dir/src/simple_double.cpp.o[0m
[35m[1mScanning dependencies of target marker_publisher[0m
[ 50%] [32mBuilding CXX object CMakeFiles/double.dir/src/aruco_ros_utils.cpp.o[0m
[ 58%] [32mBuilding CXX object CMakeFiles/marker_publisher.dir/src/marker_publish.cpp.o[0m
[ 66%] [32mBuilding CXX object CMakeFiles/marker_publisher.dir/src/aruco_ros_utils.cpp.o[0m
[ 75%] [32mBuilding CXX object CMakeFiles/single.dir/src/aruco_ros_utils.cpp.o[0m
[ 83%] [32m[1mLinking CXX executable /home/rm/catkin_ws/devel/.private/aruco_ros/lib/aruco_ros/double[0m
/usr/bin/ld: warning: libopencv_imgcodecs.so.3.2, needed by /opt/ros/melodic/lib/libcv_bridge.so, may conflict with libopencv_imgcodecs.so.4.1
/usr/bin/ld: warning: libopencv_imgproc.so.4.1, needed by /home/rm/catkin_ws/devel/.private/aruco/lib/libaruco.so, may conflict with libopencv_imgproc.so.3.2
/usr/bin/ld: warning: libopencv_core.so.4.1, needed by /home/rm/catkin_ws/devel/.private/aruco/lib/libaruco.so, may conflict with libopencv_core.so.3.2
[ 83%] Built target double
[ 91%] [32m[1mLinking CXX executable /home/rm/catkin_ws/devel/.private/aruco_ros/lib/aruco_ros/marker_publisher[0m
[100%] [32m[1mLinking CXX executable /home/rm/catkin_ws/devel/.private/aruco_ros/lib/aruco_ros/single[0m
/usr/bin/ld: warning: libopencv_imgcodecs.so.3.2, needed by /opt/ros/melodic/lib/libcv_bridge.so, may conflict with libopencv_imgcodecs.so.4.1
/usr/bin/ld: warning: libopencv_core.so.4.1, needed by /home/rm/catkin_ws/devel/.private/aruco/lib/libaruco.so, may conflict with libopencv_core.so.3.2
[100%] Built target marker_publisher
/usr/bin/ld: warning: libopencv_imgcodecs.so.3.2, needed by /opt/ros/melodic/lib/libcv_bridge.so, may conflict with libopencv_imgcodecs.so.4.1
/usr/bin/ld: warning: libopencv_core.so.4.1, needed by /home/rm/catkin_ws/devel/.private/aruco/lib/libaruco.so, may conflict with libopencv_core.so.3.2
[100%] Built target single
