Determining if the pthread_create exist failed with the following output:
Change Dir: /home/rm/catkin_ws/build/rm_75_robot/CMakeFiles/CMakeTmp

Run Build Command:"/usr/bin/make" "cmTC_a943d/fast"
/usr/bin/make -f CMakeFiles/cmTC_a943d.dir/build.make CMakeFiles/cmTC_a943d.dir/build
make[1]: Entering directory '/home/rm/catkin_ws/build/rm_75_robot/CMakeFiles/CMakeTmp'
Building C object CMakeFiles/cmTC_a943d.dir/CheckSymbolExists.c.o
/usr/bin/cc    -o CMakeFiles/cmTC_a943d.dir/CheckSymbolExists.c.o   -c /home/rm/catkin_ws/build/rm_75_robot/CMakeFiles/CMakeTmp/CheckSymbolExists.c
Linking C executable cmTC_a943d
/usr/bin/cmake -E cmake_link_script CMakeFiles/cmTC_a943d.dir/link.txt --verbose=1
/usr/bin/cc      -rdynamic CMakeFiles/cmTC_a943d.dir/CheckSymbolExists.c.o  -o cmTC_a943d 
CMakeFiles/cmTC_a943d.dir/CheckSymbolExists.c.o: In function `main':
CheckSymbolExists.c:(.text+0x14): undefined reference to `pthread_create'
CheckSymbolExists.c:(.text+0x18): undefined reference to `pthread_create'
collect2: error: ld returned 1 exit status
CMakeFiles/cmTC_a943d.dir/build.make:97: recipe for target 'cmTC_a943d' failed
make[1]: *** [cmTC_a943d] Error 1
make[1]: Leaving directory '/home/rm/catkin_ws/build/rm_75_robot/CMakeFiles/CMakeTmp'
Makefile:126: recipe for target 'cmTC_a943d/fast' failed
make: *** [cmTC_a943d/fast] Error 2

File /home/rm/catkin_ws/build/rm_75_robot/CMakeFiles/CMakeTmp/CheckSymbolExists.c:
/* */
#include <pthread.h>

int main(int argc, char** argv)
{
  (void)argv;
#ifndef pthread_create
  return ((int*)(&pthread_create))[argc];
#else
  (void)argc;
  return 0;
#endif
}

Determining if the function pthread_create exists in the pthreads failed with the following output:
Change Dir: /home/rm/catkin_ws/build/rm_75_robot/CMakeFiles/CMakeTmp

Run Build Command:"/usr/bin/make" "cmTC_bddc3/fast"
/usr/bin/make -f CMakeFiles/cmTC_bddc3.dir/build.make CMakeFiles/cmTC_bddc3.dir/build
make[1]: Entering directory '/home/rm/catkin_ws/build/rm_75_robot/CMakeFiles/CMakeTmp'
Building C object CMakeFiles/cmTC_bddc3.dir/CheckFunctionExists.c.o
/usr/bin/cc   -DCHECK_FUNCTION_EXISTS=pthread_create   -o CMakeFiles/cmTC_bddc3.dir/CheckFunctionExists.c.o   -c /usr/share/cmake-3.10/Modules/CheckFunctionExists.c
Linking C executable cmTC_bddc3
/usr/bin/cmake -E cmake_link_script CMakeFiles/cmTC_bddc3.dir/link.txt --verbose=1
/usr/bin/cc  -DCHECK_FUNCTION_EXISTS=pthread_create    -rdynamic CMakeFiles/cmTC_bddc3.dir/CheckFunctionExists.c.o  -o cmTC_bddc3 -lpthreads 
/usr/bin/ld: cannot find -lpthreads
collect2: error: ld returned 1 exit status
CMakeFiles/cmTC_bddc3.dir/build.make:97: recipe for target 'cmTC_bddc3' failed
make[1]: *** [cmTC_bddc3] Error 1
make[1]: Leaving directory '/home/rm/catkin_ws/build/rm_75_robot/CMakeFiles/CMakeTmp'
Makefile:126: recipe for target 'cmTC_bddc3/fast' failed
make: *** [cmTC_bddc3/fast] Error 2


