Determining if the pthread_create exist failed with the following output:
Change Dir: /home/rm/catkin_ws/build/arm_driver/CMakeFiles/CMakeTmp

Run Build Command:"/usr/bin/make" "cmTC_7b820/fast"
/usr/bin/make -f CMakeFiles/cmTC_7b820.dir/build.make CMakeFiles/cmTC_7b820.dir/build
make[1]: Entering directory '/home/rm/catkin_ws/build/arm_driver/CMakeFiles/CMakeTmp'
Building C object CMakeFiles/cmTC_7b820.dir/CheckSymbolExists.c.o
/usr/bin/cc    -o CMakeFiles/cmTC_7b820.dir/CheckSymbolExists.c.o   -c /home/rm/catkin_ws/build/arm_driver/CMakeFiles/CMakeTmp/CheckSymbolExists.c
Linking C executable cmTC_7b820
/usr/bin/cmake -E cmake_link_script CMakeFiles/cmTC_7b820.dir/link.txt --verbose=1
/usr/bin/cc      -rdynamic CMakeFiles/cmTC_7b820.dir/CheckSymbolExists.c.o  -o cmTC_7b820 
CMakeFiles/cmTC_7b820.dir/CheckSymbolExists.c.o: In function `main':
CheckSymbolExists.c:(.text+0x14): undefined reference to `pthread_create'
CheckSymbolExists.c:(.text+0x18): undefined reference to `pthread_create'
collect2: error: ld returned 1 exit status
CMakeFiles/cmTC_7b820.dir/build.make:97: recipe for target 'cmTC_7b820' failed
make[1]: *** [cmTC_7b820] Error 1
make[1]: Leaving directory '/home/rm/catkin_ws/build/arm_driver/CMakeFiles/CMakeTmp'
Makefile:126: recipe for target 'cmTC_7b820/fast' failed
make: *** [cmTC_7b820/fast] Error 2

File /home/rm/catkin_ws/build/arm_driver/CMakeFiles/CMakeTmp/CheckSymbolExists.c:
/* */
#include <pthread.h>

int main(int argc, char** argv)
{
  (void)argv;
#ifndef pthread_create
  return ((int*)(&pthread_create))[argc];
#else
  (void)argc;
  return 0;
#endif
}

Determining if the function pthread_create exists in the pthreads failed with the following output:
Change Dir: /home/rm/catkin_ws/build/arm_driver/CMakeFiles/CMakeTmp

Run Build Command:"/usr/bin/make" "cmTC_629a0/fast"
/usr/bin/make -f CMakeFiles/cmTC_629a0.dir/build.make CMakeFiles/cmTC_629a0.dir/build
make[1]: Entering directory '/home/rm/catkin_ws/build/arm_driver/CMakeFiles/CMakeTmp'
Building C object CMakeFiles/cmTC_629a0.dir/CheckFunctionExists.c.o
/usr/bin/cc   -DCHECK_FUNCTION_EXISTS=pthread_create   -o CMakeFiles/cmTC_629a0.dir/CheckFunctionExists.c.o   -c /usr/share/cmake-3.10/Modules/CheckFunctionExists.c
Linking C executable cmTC_629a0
/usr/bin/cmake -E cmake_link_script CMakeFiles/cmTC_629a0.dir/link.txt --verbose=1
/usr/bin/cc  -DCHECK_FUNCTION_EXISTS=pthread_create    -rdynamic CMakeFiles/cmTC_629a0.dir/CheckFunctionExists.c.o  -o cmTC_629a0 -lpthreads 
/usr/bin/ld: cannot find -lpthreads
collect2: error: ld returned 1 exit status
CMakeFiles/cmTC_629a0.dir/build.make:97: recipe for target 'cmTC_629a0' failed
make[1]: *** [cmTC_629a0] Error 1
make[1]: Leaving directory '/home/rm/catkin_ws/build/arm_driver/CMakeFiles/CMakeTmp'
Makefile:126: recipe for target 'cmTC_629a0/fast' failed
make: *** [cmTC_629a0/fast] Error 2


